::1 - - [09/Feb/2017:04:09:30 +0000] "GET / HTTP/1.1" 200 56134 "-" "Mozilla/5.0 (Windows NT 6.3; WOW64) AppleWebKit/537.36 (KHTML, like Gecko) Chrome/56.0.2924.87 Safari/537.36"
::1 - - [09/Feb/2017:04:09:30 +0000] "GET /css/bootstrap.min.css HTTP/1.1" 304 - "http://localhost:3000/" "Mozilla/5.0 (Windows NT 6.3; WOW64) AppleWebKit/537.36 (KHTML, like Gecko) Chrome/56.0.2924.87 Safari/537.36"
::1 - - [09/Feb/2017:04:09:30 +0000] "GET /style.css HTTP/1.1" 304 - "http://localhost:3000/" "Mozilla/5.0 (Windows NT 6.3; WOW64) AppleWebKit/537.36 (KHTML, like Gecko) Chrome/56.0.2924.87 Safari/537.36"
::1 - - [09/Feb/2017:04:09:30 +0000] "GET /home.js HTTP/1.1" 304 - "http://localhost:3000/" "Mozilla/5.0 (Windows NT 6.3; WOW64) AppleWebKit/537.36 (KHTML, like Gecko) Chrome/56.0.2924.87 Safari/537.36"
::1 - - [09/Feb/2017:04:09:30 +0000] "GET /jquery.min.js HTTP/1.1" 304 - "http://localhost:3000/" "Mozilla/5.0 (Windows NT 6.3; WOW64) AppleWebKit/537.36 (KHTML, like Gecko) Chrome/56.0.2924.87 Safari/537.36"
::1 - - [09/Feb/2017:04:09:31 +0000] "GET /api/rooms HTTP/1.1" 304 - "http://localhost:3000/" "Mozilla/5.0 (Windows NT 6.3; WOW64) AppleWebKit/537.36 (KHTML, like Gecko) Chrome/56.0.2924.87 Safari/537.36"
::1 - - [09/Feb/2017:04:09:31 +0000] "GET /api/rooms/f2754172-1c58-41ed-ae84-74e046888adb/messages HTTP/1.1" 200 570 "http://localhost:3000/" "Mozilla/5.0 (Windows NT 6.3; WOW64) AppleWebKit/537.36 (KHTML, like Gecko) Chrome/56.0.2924.87 Safari/537.36"
::1 - - [09/Feb/2017:04:09:33 +0000] "GET /api/rooms/3c3c7ae8-6f8e-4136-9c8c-308a1fd2a9ec/messages HTTP/1.1" 200 90 "http://localhost:3000/" "Mozilla/5.0 (Windows NT 6.3; WOW64) AppleWebKit/537.36 (KHTML, like Gecko) Chrome/56.0.2924.87 Safari/537.36"
::1 - - [09/Feb/2017:04:14:03 +0000] "GET /admin/rooms HTTP/1.1" 200 59294 "http://localhost:3000/" "Mozilla/5.0 (Windows NT 6.3; WOW64) AppleWebKit/537.36 (KHTML, like Gecko) Chrome/56.0.2924.87 Safari/537.36"
::1 - - [09/Feb/2017:04:14:03 +0000] "GET /css/bootstrap.min.css HTTP/1.1" 304 - "http://localhost:3000/admin/rooms" "Mozilla/5.0 (Windows NT 6.3; WOW64) AppleWebKit/537.36 (KHTML, like Gecko) Chrome/56.0.2924.87 Safari/537.36"
::1 - - [09/Feb/2017:04:14:03 +0000] "GET /style.css HTTP/1.1" 304 - "http://localhost:3000/admin/rooms" "Mozilla/5.0 (Windows NT 6.3; WOW64) AppleWebKit/537.36 (KHTML, like Gecko) Chrome/56.0.2924.87 Safari/537.36"
::1 - - [09/Feb/2017:04:14:03 +0000] "GET /fonts/glyphicons-halflings-regular.woff2 HTTP/1.1" 200 18028 "http://localhost:3000/css/bootstrap.min.css" "Mozilla/5.0 (Windows NT 6.3; WOW64) AppleWebKit/537.36 (KHTML, like Gecko) Chrome/56.0.2924.87 Safari/537.36"
::1 - - [09/Feb/2017:04:14:06 +0000] "GET / HTTP/1.1" 200 56419 "http://localhost:3000/admin/rooms" "Mozilla/5.0 (Windows NT 6.3; WOW64) AppleWebKit/537.36 (KHTML, like Gecko) Chrome/56.0.2924.87 Safari/537.36"
::1 - - [09/Feb/2017:04:14:06 +0000] "GET /style.css HTTP/1.1" 304 - "http://localhost:3000/" "Mozilla/5.0 (Windows NT 6.3; WOW64) AppleWebKit/537.36 (KHTML, like Gecko) Chrome/56.0.2924.87 Safari/537.36"
::1 - - [09/Feb/2017:04:14:06 +0000] "GET /css/bootstrap.min.css HTTP/1.1" 304 - "http://localhost:3000/" "Mozilla/5.0 (Windows NT 6.3; WOW64) AppleWebKit/537.36 (KHTML, like Gecko) Chrome/56.0.2924.87 Safari/537.36"
::1 - - [09/Feb/2017:04:14:06 +0000] "GET /home.js HTTP/1.1" 304 - "http://localhost:3000/" "Mozilla/5.0 (Windows NT 6.3; WOW64) AppleWebKit/537.36 (KHTML, like Gecko) Chrome/56.0.2924.87 Safari/537.36"
::1 - - [09/Feb/2017:04:14:06 +0000] "GET /jquery.min.js HTTP/1.1" 304 - "http://localhost:3000/" "Mozilla/5.0 (Windows NT 6.3; WOW64) AppleWebKit/537.36 (KHTML, like Gecko) Chrome/56.0.2924.87 Safari/537.36"
::1 - - [09/Feb/2017:04:14:06 +0000] "GET /api/rooms HTTP/1.1" 304 - "http://localhost:3000/" "Mozilla/5.0 (Windows NT 6.3; WOW64) AppleWebKit/537.36 (KHTML, like Gecko) Chrome/56.0.2924.87 Safari/537.36"
::1 - - [09/Feb/2017:04:14:06 +0000] "GET /api/rooms/f2754172-1c58-41ed-ae84-74e046888adb/messages HTTP/1.1" 304 - "http://localhost:3000/" "Mozilla/5.0 (Windows NT 6.3; WOW64) AppleWebKit/537.36 (KHTML, like Gecko) Chrome/56.0.2924.87 Safari/537.36"
::1 - - [09/Feb/2017:04:14:13 +0000] "POST /api/rooms/f2754172-1c58-41ed-ae84-74e046888adb/messages HTTP/1.1" 200 2 "http://localhost:3000/" "Mozilla/5.0 (Windows NT 6.3; WOW64) AppleWebKit/537.36 (KHTML, like Gecko) Chrome/56.0.2924.87 Safari/537.36"
::1 - - [09/Feb/2017:04:14:13 +0000] "GET /api/rooms/f2754172-1c58-41ed-ae84-74e046888adb/messages HTTP/1.1" 200 712 "http://localhost:3000/" "Mozilla/5.0 (Windows NT 6.3; WOW64) AppleWebKit/537.36 (KHTML, like Gecko) Chrome/56.0.2924.87 Safari/537.36"
::1 - - [09/Feb/2017:04:14:15 +0000] "POST /api/rooms/f2754172-1c58-41ed-ae84-74e046888adb/messages HTTP/1.1" 200 2 "http://localhost:3000/" "Mozilla/5.0 (Windows NT 6.3; WOW64) AppleWebKit/537.36 (KHTML, like Gecko) Chrome/56.0.2924.87 Safari/537.36"
::1 - - [09/Feb/2017:04:14:15 +0000] "GET /api/rooms/f2754172-1c58-41ed-ae84-74e046888adb/messages HTTP/1.1" 200 854 "http://localhost:3000/" "Mozilla/5.0 (Windows NT 6.3; WOW64) AppleWebKit/537.36 (KHTML, like Gecko) Chrome/56.0.2924.87 Safari/537.36"
::1 - - [09/Feb/2017:04:14:17 +0000] "POST /api/rooms/f2754172-1c58-41ed-ae84-74e046888adb/messages HTTP/1.1" 200 2 "http://localhost:3000/" "Mozilla/5.0 (Windows NT 6.3; WOW64) AppleWebKit/537.36 (KHTML, like Gecko) Chrome/56.0.2924.87 Safari/537.36"
::1 - - [09/Feb/2017:04:14:17 +0000] "GET /api/rooms/f2754172-1c58-41ed-ae84-74e046888adb/messages HTTP/1.1" 200 996 "http://localhost:3000/" "Mozilla/5.0 (Windows NT 6.3; WOW64) AppleWebKit/537.36 (KHTML, like Gecko) Chrome/56.0.2924.87 Safari/537.36"
::1 - - [09/Feb/2017:04:14:20 +0000] "POST /api/rooms/f2754172-1c58-41ed-ae84-74e046888adb/messages HTTP/1.1" 200 2 "http://localhost:3000/" "Mozilla/5.0 (Windows NT 6.3; WOW64) AppleWebKit/537.36 (KHTML, like Gecko) Chrome/56.0.2924.87 Safari/537.36"
::1 - - [09/Feb/2017:04:14:20 +0000] "GET /api/rooms/f2754172-1c58-41ed-ae84-74e046888adb/messages HTTP/1.1" 200 1138 "http://localhost:3000/" "Mozilla/5.0 (Windows NT 6.3; WOW64) AppleWebKit/537.36 (KHTML, like Gecko) Chrome/56.0.2924.87 Safari/537.36"
::1 - - [09/Feb/2017:04:14:21 +0000] "DELETE /api/rooms/f2754172-1c58-41ed-ae84-74e046888adb/messages HTTP/1.1" 200 2 "http://localhost:3000/" "Mozilla/5.0 (Windows NT 6.3; WOW64) AppleWebKit/537.36 (KHTML, like Gecko) Chrome/56.0.2924.87 Safari/537.36"
::1 - - [09/Feb/2017:04:14:24 +0000] "POST /api/rooms/f2754172-1c58-41ed-ae84-74e046888adb/messages HTTP/1.1" 200 2 "http://localhost:3000/" "Mozilla/5.0 (Windows NT 6.3; WOW64) AppleWebKit/537.36 (KHTML, like Gecko) Chrome/56.0.2924.87 Safari/537.36"
::1 - - [09/Feb/2017:04:14:24 +0000] "GET /api/rooms/f2754172-1c58-41ed-ae84-74e046888adb/messages HTTP/1.1" 200 230 "http://localhost:3000/" "Mozilla/5.0 (Windows NT 6.3; WOW64) AppleWebKit/537.36 (KHTML, like Gecko) Chrome/56.0.2924.87 Safari/537.36"
::1 - - [09/Feb/2017:04:14:26 +0000] "GET /api/rooms/c636d9e6-d1d4-4194-89f2-154643fbf9b9/messages HTTP/1.1" 200 87 "http://localhost:3000/" "Mozilla/5.0 (Windows NT 6.3; WOW64) AppleWebKit/537.36 (KHTML, like Gecko) Chrome/56.0.2924.87 Safari/537.36"
::1 - - [09/Feb/2017:04:14:27 +0000] "GET /admin/rooms HTTP/1.1" 200 59607 "http://localhost:3000/" "Mozilla/5.0 (Windows NT 6.3; WOW64) AppleWebKit/537.36 (KHTML, like Gecko) Chrome/56.0.2924.87 Safari/537.36"
::1 - - [09/Feb/2017:04:14:27 +0000] "GET /style.css HTTP/1.1" 304 - "http://localhost:3000/admin/rooms" "Mozilla/5.0 (Windows NT 6.3; WOW64) AppleWebKit/537.36 (KHTML, like Gecko) Chrome/56.0.2924.87 Safari/537.36"
::1 - - [09/Feb/2017:04:14:27 +0000] "GET /css/bootstrap.min.css HTTP/1.1" 304 - "http://localhost:3000/admin/rooms" "Mozilla/5.0 (Windows NT 6.3; WOW64) AppleWebKit/537.36 (KHTML, like Gecko) Chrome/56.0.2924.87 Safari/537.36"
::1 - - [09/Feb/2017:04:14:27 +0000] "GET /fonts/glyphicons-halflings-regular.woff2 HTTP/1.1" 304 - "http://localhost:3000/css/bootstrap.min.css" "Mozilla/5.0 (Windows NT 6.3; WOW64) AppleWebKit/537.36 (KHTML, like Gecko) Chrome/56.0.2924.87 Safari/537.36"
::1 - - [09/Feb/2017:04:14:30 +0000] "GET /admin/rooms/add HTTP/1.1" 200 57139 "http://localhost:3000/admin/rooms" "Mozilla/5.0 (Windows NT 6.3; WOW64) AppleWebKit/537.36 (KHTML, like Gecko) Chrome/56.0.2924.87 Safari/537.36"
::1 - - [09/Feb/2017:04:14:30 +0000] "GET /style.css HTTP/1.1" 304 - "http://localhost:3000/admin/rooms/add" "Mozilla/5.0 (Windows NT 6.3; WOW64) AppleWebKit/537.36 (KHTML, like Gecko) Chrome/56.0.2924.87 Safari/537.36"
::1 - - [09/Feb/2017:04:14:30 +0000] "GET /css/bootstrap.min.css HTTP/1.1" 304 - "http://localhost:3000/admin/rooms/add" "Mozilla/5.0 (Windows NT 6.3; WOW64) AppleWebKit/537.36 (KHTML, like Gecko) Chrome/56.0.2924.87 Safari/537.36"
::1 - - [09/Feb/2017:04:14:33 +0000] "POST /admin/rooms/add HTTP/1.1" 302 68 "http://localhost:3000/admin/rooms/add" "Mozilla/5.0 (Windows NT 6.3; WOW64) AppleWebKit/537.36 (KHTML, like Gecko) Chrome/56.0.2924.87 Safari/537.36"
::1 - - [09/Feb/2017:04:14:33 +0000] "GET /admin/rooms HTTP/1.1" 200 60609 "http://localhost:3000/admin/rooms/add" "Mozilla/5.0 (Windows NT 6.3; WOW64) AppleWebKit/537.36 (KHTML, like Gecko) Chrome/56.0.2924.87 Safari/537.36"
::1 - - [09/Feb/2017:04:14:33 +0000] "GET /style.css HTTP/1.1" 304 - "http://localhost:3000/admin/rooms" "Mozilla/5.0 (Windows NT 6.3; WOW64) AppleWebKit/537.36 (KHTML, like Gecko) Chrome/56.0.2924.87 Safari/537.36"
::1 - - [09/Feb/2017:04:14:33 +0000] "GET /css/bootstrap.min.css HTTP/1.1" 304 - "http://localhost:3000/admin/rooms" "Mozilla/5.0 (Windows NT 6.3; WOW64) AppleWebKit/537.36 (KHTML, like Gecko) Chrome/56.0.2924.87 Safari/537.36"
::1 - - [09/Feb/2017:04:14:33 +0000] "GET /fonts/glyphicons-halflings-regular.woff2 HTTP/1.1" 304 - "http://localhost:3000/css/bootstrap.min.css" "Mozilla/5.0 (Windows NT 6.3; WOW64) AppleWebKit/537.36 (KHTML, like Gecko) Chrome/56.0.2924.87 Safari/537.36"
::1 - - [09/Feb/2017:04:14:36 +0000] "GET /admin/rooms/edit/06fd1723-c592-4299-83e5-0560829f9148 HTTP/1.1" 200 59489 "http://localhost:3000/admin/rooms" "Mozilla/5.0 (Windows NT 6.3; WOW64) AppleWebKit/537.36 (KHTML, like Gecko) Chrome/56.0.2924.87 Safari/537.36"
::1 - - [09/Feb/2017:04:14:36 +0000] "GET /css/bootstrap.min.css HTTP/1.1" 304 - "http://localhost:3000/admin/rooms/edit/06fd1723-c592-4299-83e5-0560829f9148" "Mozilla/5.0 (Windows NT 6.3; WOW64) AppleWebKit/537.36 (KHTML, like Gecko) Chrome/56.0.2924.87 Safari/537.36"
::1 - - [09/Feb/2017:04:14:36 +0000] "GET /style.css HTTP/1.1" 304 - "http://localhost:3000/admin/rooms/edit/06fd1723-c592-4299-83e5-0560829f9148" "Mozilla/5.0 (Windows NT 6.3; WOW64) AppleWebKit/537.36 (KHTML, like Gecko) Chrome/56.0.2924.87 Safari/537.36"
::1 - - [09/Feb/2017:04:14:38 +0000] "POST /admin/rooms/edit/06fd1723-c592-4299-83e5-0560829f9148 HTTP/1.1" 302 68 "http://localhost:3000/admin/rooms/edit/06fd1723-c592-4299-83e5-0560829f9148" "Mozilla/5.0 (Windows NT 6.3; WOW64) AppleWebKit/537.36 (KHTML, like Gecko) Chrome/56.0.2924.87 Safari/537.36"
::1 - - [09/Feb/2017:04:14:38 +0000] "GET /admin/rooms HTTP/1.1" 200 60687 "http://localhost:3000/admin/rooms/edit/06fd1723-c592-4299-83e5-0560829f9148" "Mozilla/5.0 (Windows NT 6.3; WOW64) AppleWebKit/537.36 (KHTML, like Gecko) Chrome/56.0.2924.87 Safari/537.36"
::1 - - [09/Feb/2017:04:14:38 +0000] "GET /style.css HTTP/1.1" 304 - "http://localhost:3000/admin/rooms" "Mozilla/5.0 (Windows NT 6.3; WOW64) AppleWebKit/537.36 (KHTML, like Gecko) Chrome/56.0.2924.87 Safari/537.36"
::1 - - [09/Feb/2017:04:14:38 +0000] "GET /css/bootstrap.min.css HTTP/1.1" 304 - "http://localhost:3000/admin/rooms" "Mozilla/5.0 (Windows NT 6.3; WOW64) AppleWebKit/537.36 (KHTML, like Gecko) Chrome/56.0.2924.87 Safari/537.36"
::1 - - [09/Feb/2017:04:14:38 +0000] "GET /fonts/glyphicons-halflings-regular.woff2 HTTP/1.1" 304 - "http://localhost:3000/css/bootstrap.min.css" "Mozilla/5.0 (Windows NT 6.3; WOW64) AppleWebKit/537.36 (KHTML, like Gecko) Chrome/56.0.2924.87 Safari/537.36"
::1 - - [09/Feb/2017:04:14:41 +0000] "GET /admin/rooms/delete/06fd1723-c592-4299-83e5-0560829f9148 HTTP/1.1" 302 68 "http://localhost:3000/admin/rooms" "Mozilla/5.0 (Windows NT 6.3; WOW64) AppleWebKit/537.36 (KHTML, like Gecko) Chrome/56.0.2924.87 Safari/537.36"
::1 - - [09/Feb/2017:04:14:41 +0000] "GET /admin/rooms HTTP/1.1" 200 59629 "http://localhost:3000/admin/rooms" "Mozilla/5.0 (Windows NT 6.3; WOW64) AppleWebKit/537.36 (KHTML, like Gecko) Chrome/56.0.2924.87 Safari/537.36"
::1 - - [09/Feb/2017:04:14:41 +0000] "GET /style.css HTTP/1.1" 304 - "http://localhost:3000/admin/rooms" "Mozilla/5.0 (Windows NT 6.3; WOW64) AppleWebKit/537.36 (KHTML, like Gecko) Chrome/56.0.2924.87 Safari/537.36"
::1 - - [09/Feb/2017:04:14:41 +0000] "GET /css/bootstrap.min.css HTTP/1.1" 304 - "http://localhost:3000/admin/rooms" "Mozilla/5.0 (Windows NT 6.3; WOW64) AppleWebKit/537.36 (KHTML, like Gecko) Chrome/56.0.2924.87 Safari/537.36"
::1 - - [09/Feb/2017:04:14:41 +0000] "GET /fonts/glyphicons-halflings-regular.woff2 HTTP/1.1" 304 - "http://localhost:3000/css/bootstrap.min.css" "Mozilla/5.0 (Windows NT 6.3; WOW64) AppleWebKit/537.36 (KHTML, like Gecko) Chrome/56.0.2924.87 Safari/537.36"
::1 - - [09/Feb/2017:04:14:44 +0000] "GET /admin/rooms HTTP/1.1" 200 59629 "http://localhost:3000/admin/rooms" "Mozilla/5.0 (Windows NT 6.3; WOW64) AppleWebKit/537.36 (KHTML, like Gecko) Chrome/56.0.2924.87 Safari/537.36"
::1 - - [09/Feb/2017:04:14:44 +0000] "GET /style.css HTTP/1.1" 304 - "http://localhost:3000/admin/rooms" "Mozilla/5.0 (Windows NT 6.3; WOW64) AppleWebKit/537.36 (KHTML, like Gecko) Chrome/56.0.2924.87 Safari/537.36"
::1 - - [09/Feb/2017:04:14:44 +0000] "GET /css/bootstrap.min.css HTTP/1.1" 304 - "http://localhost:3000/admin/rooms" "Mozilla/5.0 (Windows NT 6.3; WOW64) AppleWebKit/537.36 (KHTML, like Gecko) Chrome/56.0.2924.87 Safari/537.36"
::1 - - [09/Feb/2017:04:14:44 +0000] "GET /fonts/glyphicons-halflings-regular.woff2 HTTP/1.1" 304 - "http://localhost:3000/css/bootstrap.min.css" "Mozilla/5.0 (Windows NT 6.3; WOW64) AppleWebKit/537.36 (KHTML, like Gecko) Chrome/56.0.2924.87 Safari/537.36"
::1 - - [09/Feb/2017:04:14:45 +0000] "GET / HTTP/1.1" 200 56419 "http://localhost:3000/admin/rooms" "Mozilla/5.0 (Windows NT 6.3; WOW64) AppleWebKit/537.36 (KHTML, like Gecko) Chrome/56.0.2924.87 Safari/537.36"
::1 - - [09/Feb/2017:04:14:45 +0000] "GET /css/bootstrap.min.css HTTP/1.1" 304 - "http://localhost:3000/" "Mozilla/5.0 (Windows NT 6.3; WOW64) AppleWebKit/537.36 (KHTML, like Gecko) Chrome/56.0.2924.87 Safari/537.36"
::1 - - [09/Feb/2017:04:14:45 +0000] "GET /style.css HTTP/1.1" 304 - "http://localhost:3000/" "Mozilla/5.0 (Windows NT 6.3; WOW64) AppleWebKit/537.36 (KHTML, like Gecko) Chrome/56.0.2924.87 Safari/537.36"
::1 - - [09/Feb/2017:04:14:45 +0000] "GET /home.js HTTP/1.1" 304 - "http://localhost:3000/" "Mozilla/5.0 (Windows NT 6.3; WOW64) AppleWebKit/537.36 (KHTML, like Gecko) Chrome/56.0.2924.87 Safari/537.36"
::1 - - [09/Feb/2017:04:14:45 +0000] "GET /jquery.min.js HTTP/1.1" 304 - "http://localhost:3000/" "Mozilla/5.0 (Windows NT 6.3; WOW64) AppleWebKit/537.36 (KHTML, like Gecko) Chrome/56.0.2924.87 Safari/537.36"
::1 - - [09/Feb/2017:04:14:45 +0000] "GET /api/rooms HTTP/1.1" 200 329 "http://localhost:3000/" "Mozilla/5.0 (Windows NT 6.3; WOW64) AppleWebKit/537.36 (KHTML, like Gecko) Chrome/56.0.2924.87 Safari/537.36"
::1 - - [09/Feb/2017:04:14:45 +0000] "GET /api/rooms/f2754172-1c58-41ed-ae84-74e046888adb/messages HTTP/1.1" 304 - "http://localhost:3000/" "Mozilla/5.0 (Windows NT 6.3; WOW64) AppleWebKit/537.36 (KHTML, like Gecko) Chrome/56.0.2924.87 Safari/537.36"
::1 - - [09/Feb/2017:04:14:46 +0000] "GET /admin/rooms HTTP/1.1" 200 59607 "http://localhost:3000/" "Mozilla/5.0 (Windows NT 6.3; WOW64) AppleWebKit/537.36 (KHTML, like Gecko) Chrome/56.0.2924.87 Safari/537.36"
::1 - - [09/Feb/2017:04:14:46 +0000] "GET /css/bootstrap.min.css HTTP/1.1" 304 - "http://localhost:3000/admin/rooms" "Mozilla/5.0 (Windows NT 6.3; WOW64) AppleWebKit/537.36 (KHTML, like Gecko) Chrome/56.0.2924.87 Safari/537.36"
::1 - - [09/Feb/2017:04:14:46 +0000] "GET /style.css HTTP/1.1" 304 - "http://localhost:3000/admin/rooms" "Mozilla/5.0 (Windows NT 6.3; WOW64) AppleWebKit/537.36 (KHTML, like Gecko) Chrome/56.0.2924.87 Safari/537.36"
::1 - - [09/Feb/2017:04:14:46 +0000] "GET /fonts/glyphicons-halflings-regular.woff2 HTTP/1.1" 304 - "http://localhost:3000/css/bootstrap.min.css" "Mozilla/5.0 (Windows NT 6.3; WOW64) AppleWebKit/537.36 (KHTML, like Gecko) Chrome/56.0.2924.87 Safari/537.36"
::1 - - [09/Feb/2017:04:14:47 +0000] "GET / HTTP/1.1" 200 56419 "http://localhost:3000/admin/rooms" "Mozilla/5.0 (Windows NT 6.3; WOW64) AppleWebKit/537.36 (KHTML, like Gecko) Chrome/56.0.2924.87 Safari/537.36"
::1 - - [09/Feb/2017:04:14:47 +0000] "GET /style.css HTTP/1.1" 304 - "http://localhost:3000/" "Mozilla/5.0 (Windows NT 6.3; WOW64) AppleWebKit/537.36 (KHTML, like Gecko) Chrome/56.0.2924.87 Safari/537.36"
::1 - - [09/Feb/2017:04:14:47 +0000] "GET /css/bootstrap.min.css HTTP/1.1" 304 - "http://localhost:3000/" "Mozilla/5.0 (Windows NT 6.3; WOW64) AppleWebKit/537.36 (KHTML, like Gecko) Chrome/56.0.2924.87 Safari/537.36"
::1 - - [09/Feb/2017:04:14:47 +0000] "GET /jquery.min.js HTTP/1.1" 304 - "http://localhost:3000/" "Mozilla/5.0 (Windows NT 6.3; WOW64) AppleWebKit/537.36 (KHTML, like Gecko) Chrome/56.0.2924.87 Safari/537.36"
::1 - - [09/Feb/2017:04:14:47 +0000] "GET /home.js HTTP/1.1" 304 - "http://localhost:3000/" "Mozilla/5.0 (Windows NT 6.3; WOW64) AppleWebKit/537.36 (KHTML, like Gecko) Chrome/56.0.2924.87 Safari/537.36"
::1 - - [09/Feb/2017:04:14:47 +0000] "GET /api/rooms HTTP/1.1" 304 - "http://localhost:3000/" "Mozilla/5.0 (Windows NT 6.3; WOW64) AppleWebKit/537.36 (KHTML, like Gecko) Chrome/56.0.2924.87 Safari/537.36"
::1 - - [09/Feb/2017:04:14:47 +0000] "GET /api/rooms/f2754172-1c58-41ed-ae84-74e046888adb/messages HTTP/1.1" 304 - "http://localhost:3000/" "Mozilla/5.0 (Windows NT 6.3; WOW64) AppleWebKit/537.36 (KHTML, like Gecko) Chrome/56.0.2924.87 Safari/537.36"
::1 - - [09/Feb/2017:04:14:49 +0000] "GET /api/rooms/06fd1723-c592-4299-83e5-0560829f9148/messages HTTP/1.1" 200 83 "http://localhost:3000/" "Mozilla/5.0 (Windows NT 6.3; WOW64) AppleWebKit/537.36 (KHTML, like Gecko) Chrome/56.0.2924.87 Safari/537.36"
::1 - - [09/Feb/2017:04:14:53 +0000] "POST /api/rooms/06fd1723-c592-4299-83e5-0560829f9148/messages HTTP/1.1" 200 2 "http://localhost:3000/" "Mozilla/5.0 (Windows NT 6.3; WOW64) AppleWebKit/537.36 (KHTML, like Gecko) Chrome/56.0.2924.87 Safari/537.36"
::1 - - [09/Feb/2017:04:14:53 +0000] "GET /api/rooms/06fd1723-c592-4299-83e5-0560829f9148/messages HTTP/1.1" 200 224 "http://localhost:3000/" "Mozilla/5.0 (Windows NT 6.3; WOW64) AppleWebKit/537.36 (KHTML, like Gecko) Chrome/56.0.2924.87 Safari/537.36"
::1 - - [09/Feb/2017:04:14:55 +0000] "POST /api/rooms/06fd1723-c592-4299-83e5-0560829f9148/messages HTTP/1.1" 200 2 "http://localhost:3000/" "Mozilla/5.0 (Windows NT 6.3; WOW64) AppleWebKit/537.36 (KHTML, like Gecko) Chrome/56.0.2924.87 Safari/537.36"
::1 - - [09/Feb/2017:04:14:55 +0000] "GET /api/rooms/06fd1723-c592-4299-83e5-0560829f9148/messages HTTP/1.1" 200 366 "http://localhost:3000/" "Mozilla/5.0 (Windows NT 6.3; WOW64) AppleWebKit/537.36 (KHTML, like Gecko) Chrome/56.0.2924.87 Safari/537.36"
::1 - - [09/Feb/2017:04:14:55 +0000] "POST /api/rooms/06fd1723-c592-4299-83e5-0560829f9148/messages HTTP/1.1" 200 2 "http://localhost:3000/" "Mozilla/5.0 (Windows NT 6.3; WOW64) AppleWebKit/537.36 (KHTML, like Gecko) Chrome/56.0.2924.87 Safari/537.36"
::1 - - [09/Feb/2017:04:14:55 +0000] "GET /api/rooms/06fd1723-c592-4299-83e5-0560829f9148/messages HTTP/1.1" 200 508 "http://localhost:3000/" "Mozilla/5.0 (Windows NT 6.3; WOW64) AppleWebKit/537.36 (KHTML, like Gecko) Chrome/56.0.2924.87 Safari/537.36"
::1 - - [09/Feb/2017:04:14:56 +0000] "POST /api/rooms/06fd1723-c592-4299-83e5-0560829f9148/messages HTTP/1.1" 200 2 "http://localhost:3000/" "Mozilla/5.0 (Windows NT 6.3; WOW64) AppleWebKit/537.36 (KHTML, like Gecko) Chrome/56.0.2924.87 Safari/537.36"
::1 - - [09/Feb/2017:04:14:56 +0000] "GET /api/rooms/06fd1723-c592-4299-83e5-0560829f9148/messages HTTP/1.1" 200 650 "http://localhost:3000/" "Mozilla/5.0 (Windows NT 6.3; WOW64) AppleWebKit/537.36 (KHTML, like Gecko) Chrome/56.0.2924.87 Safari/537.36"
::1 - - [09/Feb/2017:04:14:56 +0000] "POST /api/rooms/06fd1723-c592-4299-83e5-0560829f9148/messages HTTP/1.1" 200 2 "http://localhost:3000/" "Mozilla/5.0 (Windows NT 6.3; WOW64) AppleWebKit/537.36 (KHTML, like Gecko) Chrome/56.0.2924.87 Safari/537.36"
::1 - - [09/Feb/2017:04:14:56 +0000] "GET /api/rooms/06fd1723-c592-4299-83e5-0560829f9148/messages HTTP/1.1" 200 792 "http://localhost:3000/" "Mozilla/5.0 (Windows NT 6.3; WOW64) AppleWebKit/537.36 (KHTML, like Gecko) Chrome/56.0.2924.87 Safari/537.36"
::1 - - [09/Feb/2017:04:14:57 +0000] "GET /api/rooms/c636d9e6-d1d4-4194-89f2-154643fbf9b9/messages HTTP/1.1" 304 - "http://localhost:3000/" "Mozilla/5.0 (Windows NT 6.3; WOW64) AppleWebKit/537.36 (KHTML, like Gecko) Chrome/56.0.2924.87 Safari/537.36"
::1 - - [09/Feb/2017:04:14:58 +0000] "GET /api/rooms/f2754172-1c58-41ed-ae84-74e046888adb/messages HTTP/1.1" 304 - "http://localhost:3000/" "Mozilla/5.0 (Windows NT 6.3; WOW64) AppleWebKit/537.36 (KHTML, like Gecko) Chrome/56.0.2924.87 Safari/537.36"
::1 - - [09/Feb/2017:04:14:59 +0000] "GET /api/rooms/3c3c7ae8-6f8e-4136-9c8c-308a1fd2a9ec/messages HTTP/1.1" 304 - "http://localhost:3000/" "Mozilla/5.0 (Windows NT 6.3; WOW64) AppleWebKit/537.36 (KHTML, like Gecko) Chrome/56.0.2924.87 Safari/537.36"
::1 - - [09/Feb/2017:04:14:59 +0000] "GET /api/rooms/a2e102c9-906c-4162-9d43-122e90f353d9/messages HTTP/1.1" 200 89 "http://localhost:3000/" "Mozilla/5.0 (Windows NT 6.3; WOW64) AppleWebKit/537.36 (KHTML, like Gecko) Chrome/56.0.2924.87 Safari/537.36"
::1 - - [09/Feb/2017:04:15:00 +0000] "GET /api/rooms/06fd1723-c592-4299-83e5-0560829f9148/messages HTTP/1.1" 304 - "http://localhost:3000/" "Mozilla/5.0 (Windows NT 6.3; WOW64) AppleWebKit/537.36 (KHTML, like Gecko) Chrome/56.0.2924.87 Safari/537.36"
::1 - - [09/Feb/2017:04:15:00 +0000] "GET /api/rooms/a2e102c9-906c-4162-9d43-122e90f353d9/messages HTTP/1.1" 304 - "http://localhost:3000/" "Mozilla/5.0 (Windows NT 6.3; WOW64) AppleWebKit/537.36 (KHTML, like Gecko) Chrome/56.0.2924.87 Safari/537.36"
::1 - - [09/Feb/2017:04:15:01 +0000] "GET /api/rooms/a2e102c9-906c-4162-9d43-122e90f353d9/messages HTTP/1.1" 304 - "http://localhost:3000/" "Mozilla/5.0 (Windows NT 6.3; WOW64) AppleWebKit/537.36 (KHTML, like Gecko) Chrome/56.0.2924.87 Safari/537.36"
::1 - - [09/Feb/2017:04:15:01 +0000] "GET /api/rooms/3c3c7ae8-6f8e-4136-9c8c-308a1fd2a9ec/messages HTTP/1.1" 304 - "http://localhost:3000/" "Mozilla/5.0 (Windows NT 6.3; WOW64) AppleWebKit/537.36 (KHTML, like Gecko) Chrome/56.0.2924.87 Safari/537.36"
::1 - - [09/Feb/2017:04:15:02 +0000] "GET /api/rooms/c636d9e6-d1d4-4194-89f2-154643fbf9b9/messages HTTP/1.1" 304 - "http://localhost:3000/" "Mozilla/5.0 (Windows NT 6.3; WOW64) AppleWebKit/537.36 (KHTML, like Gecko) Chrome/56.0.2924.87 Safari/537.36"
::1 - - [09/Feb/2017:04:15:02 +0000] "GET /api/rooms/f2754172-1c58-41ed-ae84-74e046888adb/messages HTTP/1.1" 304 - "http://localhost:3000/" "Mozilla/5.0 (Windows NT 6.3; WOW64) AppleWebKit/537.36 (KHTML, like Gecko) Chrome/56.0.2924.87 Safari/537.36"
::1 - - [11/Feb/2017:00:53:52 +0000] "GET / HTTP/1.1" 200 61625 "-" "Mozilla/5.0 (Windows NT 6.3; WOW64) AppleWebKit/537.36 (KHTML, like Gecko) Chrome/56.0.2924.87 Safari/537.36"
::1 - - [11/Feb/2017:00:53:52 +0000] "GET /css/bootstrap.min.css HTTP/1.1" 304 - "http://localhost:3000/" "Mozilla/5.0 (Windows NT 6.3; WOW64) AppleWebKit/537.36 (KHTML, like Gecko) Chrome/56.0.2924.87 Safari/537.36"
::1 - - [11/Feb/2017:00:53:52 +0000] "GET /style.css HTTP/1.1" 304 - "http://localhost:3000/" "Mozilla/5.0 (Windows NT 6.3; WOW64) AppleWebKit/537.36 (KHTML, like Gecko) Chrome/56.0.2924.87 Safari/537.36"
::1 - - [11/Feb/2017:00:53:52 +0000] "GET /home.js HTTP/1.1" 304 - "http://localhost:3000/" "Mozilla/5.0 (Windows NT 6.3; WOW64) AppleWebKit/537.36 (KHTML, like Gecko) Chrome/56.0.2924.87 Safari/537.36"
::1 - - [11/Feb/2017:00:53:52 +0000] "GET /jquery.min.js HTTP/1.1" 304 - "http://localhost:3000/" "Mozilla/5.0 (Windows NT 6.3; WOW64) AppleWebKit/537.36 (KHTML, like Gecko) Chrome/56.0.2924.87 Safari/537.36"
::1 - - [11/Feb/2017:00:53:52 +0000] "GET /api/rooms HTTP/1.1" 200 268 "http://localhost:3000/" "Mozilla/5.0 (Windows NT 6.3; WOW64) AppleWebKit/537.36 (KHTML, like Gecko) Chrome/56.0.2924.87 Safari/537.36"
::1 - - [11/Feb/2017:00:53:52 +0000] "GET /api/rooms/f2754172-1c58-41ed-ae84-74e046888adb/messages HTTP/1.1" 200 570 "http://localhost:3000/" "Mozilla/5.0 (Windows NT 6.3; WOW64) AppleWebKit/537.36 (KHTML, like Gecko) Chrome/56.0.2924.87 Safari/537.36"
::1 - - [11/Feb/2017:00:53:52 +0000] "GET /favicon.ico HTTP/1.1" 404 24 "http://localhost:3000/" "Mozilla/5.0 (Windows NT 6.3; WOW64) AppleWebKit/537.36 (KHTML, like Gecko) Chrome/56.0.2924.87 Safari/537.36"
::1 - - [11/Feb/2017:00:53:54 +0000] "GET /admin/rooms HTTP/1.1" 200 65098 "http://localhost:3000/" "Mozilla/5.0 (Windows NT 6.3; WOW64) AppleWebKit/537.36 (KHTML, like Gecko) Chrome/56.0.2924.87 Safari/537.36"
::1 - - [11/Feb/2017:00:53:54 +0000] "GET /css/bootstrap.min.css HTTP/1.1" 304 - "http://localhost:3000/admin/rooms" "Mozilla/5.0 (Windows NT 6.3; WOW64) AppleWebKit/537.36 (KHTML, like Gecko) Chrome/56.0.2924.87 Safari/537.36"
::1 - - [11/Feb/2017:00:53:54 +0000] "GET /style.css HTTP/1.1" 304 - "http://localhost:3000/admin/rooms" "Mozilla/5.0 (Windows NT 6.3; WOW64) AppleWebKit/537.36 (KHTML, like Gecko) Chrome/56.0.2924.87 Safari/537.36"
::1 - - [11/Feb/2017:00:53:54 +0000] "GET /fonts/glyphicons-halflings-regular.woff2 HTTP/1.1" 200 18028 "http://localhost:3000/css/bootstrap.min.css" "Mozilla/5.0 (Windows NT 6.3; WOW64) AppleWebKit/537.36 (KHTML, like Gecko) Chrome/56.0.2924.87 Safari/537.36"
::1 - - [11/Feb/2017:00:53:55 +0000] "GET / HTTP/1.1" 200 62223 "http://localhost:3000/admin/rooms" "Mozilla/5.0 (Windows NT 6.3; WOW64) AppleWebKit/537.36 (KHTML, like Gecko) Chrome/56.0.2924.87 Safari/537.36"
::1 - - [11/Feb/2017:00:53:55 +0000] "GET /css/bootstrap.min.css HTTP/1.1" 304 - "http://localhost:3000/" "Mozilla/5.0 (Windows NT 6.3; WOW64) AppleWebKit/537.36 (KHTML, like Gecko) Chrome/56.0.2924.87 Safari/537.36"
::1 - - [11/Feb/2017:00:53:55 +0000] "GET /style.css HTTP/1.1" 304 - "http://localhost:3000/" "Mozilla/5.0 (Windows NT 6.3; WOW64) AppleWebKit/537.36 (KHTML, like Gecko) Chrome/56.0.2924.87 Safari/537.36"
::1 - - [11/Feb/2017:00:53:55 +0000] "GET /jquery.min.js HTTP/1.1" 304 - "http://localhost:3000/" "Mozilla/5.0 (Windows NT 6.3; WOW64) AppleWebKit/537.36 (KHTML, like Gecko) Chrome/56.0.2924.87 Safari/537.36"
::1 - - [11/Feb/2017:00:53:55 +0000] "GET /home.js HTTP/1.1" 304 - "http://localhost:3000/" "Mozilla/5.0 (Windows NT 6.3; WOW64) AppleWebKit/537.36 (KHTML, like Gecko) Chrome/56.0.2924.87 Safari/537.36"
::1 - - [11/Feb/2017:00:53:55 +0000] "GET /api/rooms HTTP/1.1" 304 - "http://localhost:3000/" "Mozilla/5.0 (Windows NT 6.3; WOW64) AppleWebKit/537.36 (KHTML, like Gecko) Chrome/56.0.2924.87 Safari/537.36"
::1 - - [11/Feb/2017:00:53:56 +0000] "GET /api/rooms/f2754172-1c58-41ed-ae84-74e046888adb/messages HTTP/1.1" 304 - "http://localhost:3000/" "Mozilla/5.0 (Windows NT 6.3; WOW64) AppleWebKit/537.36 (KHTML, like Gecko) Chrome/56.0.2924.87 Safari/537.36"
::1 - - [11/Feb/2017:01:18:25 +0000] "GET /login HTTP/1.1" 200 61924 "-" "Mozilla/5.0 (Windows NT 6.3; WOW64) AppleWebKit/537.36 (KHTML, like Gecko) Chrome/56.0.2924.87 Safari/537.36"
::1 - - [11/Feb/2017:01:18:25 +0000] "GET /css/bootstrap.min.css HTTP/1.1" 304 - "http://localhost:3000/login" "Mozilla/5.0 (Windows NT 6.3; WOW64) AppleWebKit/537.36 (KHTML, like Gecko) Chrome/56.0.2924.87 Safari/537.36"
::1 - - [11/Feb/2017:01:18:25 +0000] "GET /style.css HTTP/1.1" 304 - "http://localhost:3000/login" "Mozilla/5.0 (Windows NT 6.3; WOW64) AppleWebKit/537.36 (KHTML, like Gecko) Chrome/56.0.2924.87 Safari/537.36"
::1 - - [01/Mar/2017:05:20:34 +0000] "GET / HTTP/1.1" 200 61936 "-" "Mozilla/5.0 (Windows NT 6.3; WOW64) AppleWebKit/537.36 (KHTML, like Gecko) Chrome/56.0.2924.87 Safari/537.36"
::1 - - [01/Mar/2017:05:20:34 +0000] "GET /style.css HTTP/1.1" 200 74 "http://localhost:3000/" "Mozilla/5.0 (Windows NT 6.3; WOW64) AppleWebKit/537.36 (KHTML, like Gecko) Chrome/56.0.2924.87 Safari/537.36"
::1 - - [01/Mar/2017:05:20:34 +0000] "GET /home.js HTTP/1.1" 200 1606 "http://localhost:3000/" "Mozilla/5.0 (Windows NT 6.3; WOW64) AppleWebKit/537.36 (KHTML, like Gecko) Chrome/56.0.2924.87 Safari/537.36"
::1 - - [01/Mar/2017:05:20:34 +0000] "GET /css/bootstrap.min.css HTTP/1.1" 200 121200 "http://localhost:3000/" "Mozilla/5.0 (Windows NT 6.3; WOW64) AppleWebKit/537.36 (KHTML, like Gecko) Chrome/56.0.2924.87 Safari/537.36"
::1 - - [01/Mar/2017:05:20:34 +0000] "GET /jquery.min.js HTTP/1.1" 200 84380 "http://localhost:3000/" "Mozilla/5.0 (Windows NT 6.3; WOW64) AppleWebKit/537.36 (KHTML, like Gecko) Chrome/56.0.2924.87 Safari/537.36"
::1 - - [01/Mar/2017:05:20:35 +0000] "GET /api/rooms HTTP/1.1" 200 268 "http://localhost:3000/" "Mozilla/5.0 (Windows NT 6.3; WOW64) AppleWebKit/537.36 (KHTML, like Gecko) Chrome/56.0.2924.87 Safari/537.36"
::1 - - [01/Mar/2017:05:20:35 +0000] "GET /api/rooms/f2754172-1c58-41ed-ae84-74e046888adb/messages HTTP/1.1" 200 570 "http://localhost:3000/" "Mozilla/5.0 (Windows NT 6.3; WOW64) AppleWebKit/537.36 (KHTML, like Gecko) Chrome/56.0.2924.87 Safari/537.36"
::1 - - [01/Mar/2017:05:20:35 +0000] "GET /favicon.ico HTTP/1.1" 404 24 "http://localhost:3000/" "Mozilla/5.0 (Windows NT 6.3; WOW64) AppleWebKit/537.36 (KHTML, like Gecko) Chrome/56.0.2924.87 Safari/537.36"
::1 - - [01/Mar/2017:05:36:56 +0000] "GET / HTTP/1.1" 200 62199 "http://localhost:3000/" "Mozilla/5.0 (Windows NT 6.3; WOW64) AppleWebKit/537.36 (KHTML, like Gecko) Chrome/56.0.2924.87 Safari/537.36"
::1 - - [01/Mar/2017:05:36:56 +0000] "GET /css/bootstrap.min.css HTTP/1.1" 200 121200 "http://localhost:3000/" "Mozilla/5.0 (Windows NT 6.3; WOW64) AppleWebKit/537.36 (KHTML, like Gecko) Chrome/56.0.2924.87 Safari/537.36"
::1 - - [01/Mar/2017:05:36:56 +0000] "GET /style.css HTTP/1.1" 200 74 "http://localhost:3000/" "Mozilla/5.0 (Windows NT 6.3; WOW64) AppleWebKit/537.36 (KHTML, like Gecko) Chrome/56.0.2924.87 Safari/537.36"
::1 - - [01/Mar/2017:05:36:56 +0000] "GET /home.js HTTP/1.1" 304 - "http://localhost:3000/" "Mozilla/5.0 (Windows NT 6.3; WOW64) AppleWebKit/537.36 (KHTML, like Gecko) Chrome/56.0.2924.87 Safari/537.36"
::1 - - [01/Mar/2017:05:36:56 +0000] "GET /jquery.min.js HTTP/1.1" 304 - "http://localhost:3000/" "Mozilla/5.0 (Windows NT 6.3; WOW64) AppleWebKit/537.36 (KHTML, like Gecko) Chrome/56.0.2924.87 Safari/537.36"
::1 - - [01/Mar/2017:05:36:56 +0000] "GET /api/rooms HTTP/1.1" 200 268 "http://localhost:3000/" "Mozilla/5.0 (Windows NT 6.3; WOW64) AppleWebKit/537.36 (KHTML, like Gecko) Chrome/56.0.2924.87 Safari/537.36"
::1 - - [01/Mar/2017:05:36:56 +0000] "GET /api/rooms/f2754172-1c58-41ed-ae84-74e046888adb/messages HTTP/1.1" 200 570 "http://localhost:3000/" "Mozilla/5.0 (Windows NT 6.3; WOW64) AppleWebKit/537.36 (KHTML, like Gecko) Chrome/56.0.2924.87 Safari/537.36"
::1 - - [01/Mar/2017:05:36:58 +0000] "GET / HTTP/1.1" 200 62512 "http://localhost:3000/" "Mozilla/5.0 (Windows NT 6.3; WOW64) AppleWebKit/537.36 (KHTML, like Gecko) Chrome/56.0.2924.87 Safari/537.36"
::1 - - [01/Mar/2017:05:36:58 +0000] "GET /style.css HTTP/1.1" 304 - "http://localhost:3000/" "Mozilla/5.0 (Windows NT 6.3; WOW64) AppleWebKit/537.36 (KHTML, like Gecko) Chrome/56.0.2924.87 Safari/537.36"
::1 - - [01/Mar/2017:05:36:58 +0000] "GET /css/bootstrap.min.css HTTP/1.1" 304 - "http://localhost:3000/" "Mozilla/5.0 (Windows NT 6.3; WOW64) AppleWebKit/537.36 (KHTML, like Gecko) Chrome/56.0.2924.87 Safari/537.36"
::1 - - [01/Mar/2017:05:36:58 +0000] "GET /home.js HTTP/1.1" 304 - "http://localhost:3000/" "Mozilla/5.0 (Windows NT 6.3; WOW64) AppleWebKit/537.36 (KHTML, like Gecko) Chrome/56.0.2924.87 Safari/537.36"
::1 - - [01/Mar/2017:05:36:58 +0000] "GET /jquery.min.js HTTP/1.1" 304 - "http://localhost:3000/" "Mozilla/5.0 (Windows NT 6.3; WOW64) AppleWebKit/537.36 (KHTML, like Gecko) Chrome/56.0.2924.87 Safari/537.36"
::1 - - [01/Mar/2017:05:36:59 +0000] "GET /api/rooms HTTP/1.1" 304 - "http://localhost:3000/" "Mozilla/5.0 (Windows NT 6.3; WOW64) AppleWebKit/537.36 (KHTML, like Gecko) Chrome/56.0.2924.87 Safari/537.36"
::1 - - [01/Mar/2017:05:36:59 +0000] "GET /api/rooms/f2754172-1c58-41ed-ae84-74e046888adb/messages HTTP/1.1" 304 - "http://localhost:3000/" "Mozilla/5.0 (Windows NT 6.3; WOW64) AppleWebKit/537.36 (KHTML, like Gecko) Chrome/56.0.2924.87 Safari/537.36"
::1 - - [01/Mar/2017:05:37:03 +0000] "GET /admin/rooms HTTP/1.1" 200 65409 "http://localhost:3000/" "Mozilla/5.0 (Windows NT 6.3; WOW64) AppleWebKit/537.36 (KHTML, like Gecko) Chrome/56.0.2924.87 Safari/537.36"
::1 - - [01/Mar/2017:05:37:03 +0000] "GET /css/bootstrap.min.css HTTP/1.1" 304 - "http://localhost:3000/admin/rooms" "Mozilla/5.0 (Windows NT 6.3; WOW64) AppleWebKit/537.36 (KHTML, like Gecko) Chrome/56.0.2924.87 Safari/537.36"
::1 - - [01/Mar/2017:05:37:03 +0000] "GET /style.css HTTP/1.1" 304 - "http://localhost:3000/admin/rooms" "Mozilla/5.0 (Windows NT 6.3; WOW64) AppleWebKit/537.36 (KHTML, like Gecko) Chrome/56.0.2924.87 Safari/537.36"
::1 - - [01/Mar/2017:05:37:03 +0000] "GET /fonts/glyphicons-halflings-regular.woff2 HTTP/1.1" 200 18028 "http://localhost:3000/css/bootstrap.min.css" "Mozilla/5.0 (Windows NT 6.3; WOW64) AppleWebKit/537.36 (KHTML, like Gecko) Chrome/56.0.2924.87 Safari/537.36"
::1 - - [01/Mar/2017:05:37:04 +0000] "GET /admin/users HTTP/1.1" 404 24 "http://localhost:3000/admin/rooms" "Mozilla/5.0 (Windows NT 6.3; WOW64) AppleWebKit/537.36 (KHTML, like Gecko) Chrome/56.0.2924.87 Safari/537.36"
::1 - - [01/Mar/2017:05:37:15 +0000] "GET /login HTTP/1.1" 200 62149 "-" "Mozilla/5.0 (Windows NT 6.3; WOW64) AppleWebKit/537.36 (KHTML, like Gecko) Chrome/56.0.2924.87 Safari/537.36"
::1 - - [01/Mar/2017:05:37:15 +0000] "GET /style.css HTTP/1.1" 304 - "http://localhost:3000/login" "Mozilla/5.0 (Windows NT 6.3; WOW64) AppleWebKit/537.36 (KHTML, like Gecko) Chrome/56.0.2924.87 Safari/537.36"
::1 - - [01/Mar/2017:05:37:15 +0000] "GET /css/bootstrap.min.css HTTP/1.1" 304 - "http://localhost:3000/login" "Mozilla/5.0 (Windows NT 6.3; WOW64) AppleWebKit/537.36 (KHTML, like Gecko) Chrome/56.0.2924.87 Safari/537.36"
::1 - - [01/Mar/2017:05:37:22 +0000] "POST /login HTTP/1.1" 500 1214 "http://localhost:3000/login" "Mozilla/5.0 (Windows NT 6.3; WOW64) AppleWebKit/537.36 (KHTML, like Gecko) Chrome/56.0.2924.87 Safari/537.36"
::1 - - [01/Mar/2017:05:38:19 +0000] "POST /login HTTP/1.1" 500 1214 "http://localhost:3000/login" "Mozilla/5.0 (Windows NT 6.3; WOW64) AppleWebKit/537.36 (KHTML, like Gecko) Chrome/56.0.2924.87 Safari/537.36"
::1 - - [01/Mar/2017:05:44:44 +0000] "POST /login HTTP/1.1" 302 46 "http://localhost:3000/login" "Mozilla/5.0 (Windows NT 6.3; WOW64) AppleWebKit/537.36 (KHTML, like Gecko) Chrome/56.0.2924.87 Safari/537.36"
::1 - - [01/Mar/2017:05:44:44 +0000] "GET / HTTP/1.1" 200 111614 "http://localhost:3000/login" "Mozilla/5.0 (Windows NT 6.3; WOW64) AppleWebKit/537.36 (KHTML, like Gecko) Chrome/56.0.2924.87 Safari/537.36"
::1 - - [01/Mar/2017:05:44:44 +0000] "GET /css/bootstrap.min.css HTTP/1.1" 304 - "http://localhost:3000/" "Mozilla/5.0 (Windows NT 6.3; WOW64) AppleWebKit/537.36 (KHTML, like Gecko) Chrome/56.0.2924.87 Safari/537.36"
::1 - - [01/Mar/2017:05:44:44 +0000] "GET /style.css HTTP/1.1" 304 - "http://localhost:3000/" "Mozilla/5.0 (Windows NT 6.3; WOW64) AppleWebKit/537.36 (KHTML, like Gecko) Chrome/56.0.2924.87 Safari/537.36"
::1 - - [01/Mar/2017:05:44:44 +0000] "GET /home.js HTTP/1.1" 304 - "http://localhost:3000/" "Mozilla/5.0 (Windows NT 6.3; WOW64) AppleWebKit/537.36 (KHTML, like Gecko) Chrome/56.0.2924.87 Safari/537.36"
::1 - - [01/Mar/2017:05:44:44 +0000] "GET /jquery.min.js HTTP/1.1" 304 - "http://localhost:3000/" "Mozilla/5.0 (Windows NT 6.3; WOW64) AppleWebKit/537.36 (KHTML, like Gecko) Chrome/56.0.2924.87 Safari/537.36"
::1 - - [01/Mar/2017:05:44:44 +0000] "GET /api/rooms HTTP/1.1" 304 - "http://localhost:3000/" "Mozilla/5.0 (Windows NT 6.3; WOW64) AppleWebKit/537.36 (KHTML, like Gecko) Chrome/56.0.2924.87 Safari/537.36"
::1 - - [01/Mar/2017:05:44:44 +0000] "GET /api/rooms/f2754172-1c58-41ed-ae84-74e046888adb/messages HTTP/1.1" 304 - "http://localhost:3000/" "Mozilla/5.0 (Windows NT 6.3; WOW64) AppleWebKit/537.36 (KHTML, like Gecko) Chrome/56.0.2924.87 Safari/537.36"
::1 - - [01/Mar/2017:05:44:49 +0000] "GET /logout HTTP/1.1" 302 56 "http://localhost:3000/" "Mozilla/5.0 (Windows NT 6.3; WOW64) AppleWebKit/537.36 (KHTML, like Gecko) Chrome/56.0.2924.87 Safari/537.36"
::1 - - [01/Mar/2017:05:44:49 +0000] "GET /login HTTP/1.1" 200 109545 "http://localhost:3000/" "Mozilla/5.0 (Windows NT 6.3; WOW64) AppleWebKit/537.36 (KHTML, like Gecko) Chrome/56.0.2924.87 Safari/537.36"
::1 - - [01/Mar/2017:05:44:49 +0000] "GET /style.css HTTP/1.1" 304 - "http://localhost:3000/login" "Mozilla/5.0 (Windows NT 6.3; WOW64) AppleWebKit/537.36 (KHTML, like Gecko) Chrome/56.0.2924.87 Safari/537.36"
::1 - - [01/Mar/2017:05:44:49 +0000] "GET /css/bootstrap.min.css HTTP/1.1" 304 - "http://localhost:3000/login" "Mozilla/5.0 (Windows NT 6.3; WOW64) AppleWebKit/537.36 (KHTML, like Gecko) Chrome/56.0.2924.87 Safari/537.36"
::1 - - [01/Mar/2017:06:33:01 +0000] "GET / HTTP/1.1" 302 56 "-" "Mozilla/5.0 (Windows NT 6.3; WOW64; rv:51.0) Gecko/20100101 Firefox/51.0"
::1 - - [01/Mar/2017:06:33:02 +0000] "GET /login HTTP/1.1" 200 108305 "-" "Mozilla/5.0 (Windows NT 6.3; WOW64; rv:51.0) Gecko/20100101 Firefox/51.0"
::1 - - [01/Mar/2017:06:33:02 +0000] "GET /style.css HTTP/1.1" 200 74 "http://localhost:3000/login" "Mozilla/5.0 (Windows NT 6.3; WOW64; rv:51.0) Gecko/20100101 Firefox/51.0"
::1 - - [01/Mar/2017:06:33:02 +0000] "GET /css/bootstrap.min.css HTTP/1.1" 200 121200 "http://localhost:3000/login" "Mozilla/5.0 (Windows NT 6.3; WOW64; rv:51.0) Gecko/20100101 Firefox/51.0"
::1 - - [01/Mar/2017:06:33:02 +0000] "GET /favicon.ico HTTP/1.1" 302 56 "-" "Mozilla/5.0 (Windows NT 6.3; WOW64; rv:51.0) Gecko/20100101 Firefox/51.0"
::1 - - [01/Mar/2017:06:33:02 +0000] "GET /favicon.ico HTTP/1.1" 302 28 "-" "Mozilla/5.0 (Windows NT 6.3; WOW64; rv:51.0) Gecko/20100101 Firefox/51.0"
::1 - - [01/Mar/2017:06:33:02 +0000] "GET /login HTTP/1.1" 200 108364 "-" "Mozilla/5.0 (Windows NT 6.3; WOW64; rv:51.0) Gecko/20100101 Firefox/51.0"
::1 - - [01/Mar/2017:06:33:12 +0000] "GET /admin/ HTTP/1.1" 302 56 "-" "Mozilla/5.0 (Windows NT 6.3; WOW64; rv:51.0) Gecko/20100101 Firefox/51.0"
::1 - - [01/Mar/2017:06:33:13 +0000] "GET /login HTTP/1.1" 200 108621 "-" "Mozilla/5.0 (Windows NT 6.3; WOW64; rv:51.0) Gecko/20100101 Firefox/51.0"
::1 - - [01/Mar/2017:06:33:13 +0000] "GET /css/bootstrap.min.css HTTP/1.1" 304 - "http://localhost:3000/login" "Mozilla/5.0 (Windows NT 6.3; WOW64; rv:51.0) Gecko/20100101 Firefox/51.0"
::1 - - [01/Mar/2017:06:33:13 +0000] "GET /style.css HTTP/1.1" 304 - "http://localhost:3000/login" "Mozilla/5.0 (Windows NT 6.3; WOW64; rv:51.0) Gecko/20100101 Firefox/51.0"
::1 - - [01/Mar/2017:06:33:55 +0000] "GET /admin/rooms HTTP/1.1" 302 56 "-" "Mozilla/5.0 (Windows NT 6.3; WOW64; rv:51.0) Gecko/20100101 Firefox/51.0"
::1 - - [01/Mar/2017:06:33:55 +0000] "GET /login HTTP/1.1" 200 108620 "-" "Mozilla/5.0 (Windows NT 6.3; WOW64; rv:51.0) Gecko/20100101 Firefox/51.0"
::1 - - [01/Mar/2017:06:33:55 +0000] "GET /style.css HTTP/1.1" 304 - "http://localhost:3000/login" "Mozilla/5.0 (Windows NT 6.3; WOW64; rv:51.0) Gecko/20100101 Firefox/51.0"
::1 - - [01/Mar/2017:06:33:55 +0000] "GET /css/bootstrap.min.css HTTP/1.1" 304 - "http://localhost:3000/login" "Mozilla/5.0 (Windows NT 6.3; WOW64; rv:51.0) Gecko/20100101 Firefox/51.0"
::1 - - [01/Mar/2017:06:33:59 +0000] "GET / HTTP/1.1" 302 56 "-" "Mozilla/5.0 (Windows NT 6.3; WOW64; rv:51.0) Gecko/20100101 Firefox/51.0"
::1 - - [01/Mar/2017:06:33:59 +0000] "GET /login HTTP/1.1" 200 108621 "-" "Mozilla/5.0 (Windows NT 6.3; WOW64; rv:51.0) Gecko/20100101 Firefox/51.0"
::1 - - [01/Mar/2017:06:33:59 +0000] "GET /style.css HTTP/1.1" 304 - "http://localhost:3000/login" "Mozilla/5.0 (Windows NT 6.3; WOW64; rv:51.0) Gecko/20100101 Firefox/51.0"
::1 - - [01/Mar/2017:06:33:59 +0000] "GET /css/bootstrap.min.css HTTP/1.1" 304 - "http://localhost:3000/login" "Mozilla/5.0 (Windows NT 6.3; WOW64; rv:51.0) Gecko/20100101 Firefox/51.0"
::1 - - [01/Mar/2017:06:34:32 +0000] "POST /login HTTP/1.1" 302 46 "http://localhost:3000/login" "Mozilla/5.0 (Windows NT 6.3; WOW64; rv:51.0) Gecko/20100101 Firefox/51.0"
::1 - - [01/Mar/2017:06:34:32 +0000] "GET / HTTP/1.1" 200 110992 "http://localhost:3000/login" "Mozilla/5.0 (Windows NT 6.3; WOW64; rv:51.0) Gecko/20100101 Firefox/51.0"
::1 - - [01/Mar/2017:06:34:32 +0000] "GET /css/bootstrap.min.css HTTP/1.1" 304 - "http://localhost:3000/" "Mozilla/5.0 (Windows NT 6.3; WOW64; rv:51.0) Gecko/20100101 Firefox/51.0"
::1 - - [01/Mar/2017:06:34:32 +0000] "GET /style.css HTTP/1.1" 304 - "http://localhost:3000/" "Mozilla/5.0 (Windows NT 6.3; WOW64; rv:51.0) Gecko/20100101 Firefox/51.0"
::1 - - [01/Mar/2017:06:34:32 +0000] "GET /home.js HTTP/1.1" 200 1606 "http://localhost:3000/" "Mozilla/5.0 (Windows NT 6.3; WOW64; rv:51.0) Gecko/20100101 Firefox/51.0"
::1 - - [01/Mar/2017:06:34:32 +0000] "GET /jquery.min.js HTTP/1.1" 200 84380 "http://localhost:3000/" "Mozilla/5.0 (Windows NT 6.3; WOW64; rv:51.0) Gecko/20100101 Firefox/51.0"
::1 - - [01/Mar/2017:06:34:32 +0000] "GET /api/rooms HTTP/1.1" 200 268 "http://localhost:3000/" "Mozilla/5.0 (Windows NT 6.3; WOW64; rv:51.0) Gecko/20100101 Firefox/51.0"
::1 - - [01/Mar/2017:06:34:32 +0000] "GET /api/rooms/f2754172-1c58-41ed-ae84-74e046888adb/messages HTTP/1.1" 200 570 "http://localhost:3000/" "Mozilla/5.0 (Windows NT 6.3; WOW64; rv:51.0) Gecko/20100101 Firefox/51.0"
::1 - - [01/Mar/2017:06:34:36 +0000] "GET /logout HTTP/1.1" 302 56 "http://localhost:3000/" "Mozilla/5.0 (Windows NT 6.3; WOW64; rv:51.0) Gecko/20100101 Firefox/51.0"
::1 - - [01/Mar/2017:06:34:36 +0000] "GET /login HTTP/1.1" 200 109493 "http://localhost:3000/" "Mozilla/5.0 (Windows NT 6.3; WOW64; rv:51.0) Gecko/20100101 Firefox/51.0"
::1 - - [01/Mar/2017:06:34:37 +0000] "GET /style.css HTTP/1.1" 304 - "http://localhost:3000/login" "Mozilla/5.0 (Windows NT 6.3; WOW64; rv:51.0) Gecko/20100101 Firefox/51.0"
::1 - - [01/Mar/2017:06:34:37 +0000] "GET /css/bootstrap.min.css HTTP/1.1" 304 - "http://localhost:3000/login" "Mozilla/5.0 (Windows NT 6.3; WOW64; rv:51.0) Gecko/20100101 Firefox/51.0"
::1 - - [01/Mar/2017:06:43:28 +0000] "POST /login HTTP/1.1" 302 46 "http://localhost:3000/login" "Mozilla/5.0 (Windows NT 6.3; WOW64) AppleWebKit/537.36 (KHTML, like Gecko) Chrome/56.0.2924.87 Safari/537.36"
::1 - - [01/Mar/2017:06:43:28 +0000] "GET / HTTP/1.1" 200 111879 "http://localhost:3000/login" "Mozilla/5.0 (Windows NT 6.3; WOW64) AppleWebKit/537.36 (KHTML, like Gecko) Chrome/56.0.2924.87 Safari/537.36"
::1 - - [01/Mar/2017:06:43:28 +0000] "GET /css/bootstrap.min.css HTTP/1.1" 304 - "http://localhost:3000/" "Mozilla/5.0 (Windows NT 6.3; WOW64) AppleWebKit/537.36 (KHTML, like Gecko) Chrome/56.0.2924.87 Safari/537.36"
::1 - - [01/Mar/2017:06:43:28 +0000] "GET /style.css HTTP/1.1" 304 - "http://localhost:3000/" "Mozilla/5.0 (Windows NT 6.3; WOW64) AppleWebKit/537.36 (KHTML, like Gecko) Chrome/56.0.2924.87 Safari/537.36"
::1 - - [01/Mar/2017:06:43:28 +0000] "GET /home.js HTTP/1.1" 304 - "http://localhost:3000/" "Mozilla/5.0 (Windows NT 6.3; WOW64) AppleWebKit/537.36 (KHTML, like Gecko) Chrome/56.0.2924.87 Safari/537.36"
::1 - - [01/Mar/2017:06:43:28 +0000] "GET /jquery.min.js HTTP/1.1" 304 - "http://localhost:3000/" "Mozilla/5.0 (Windows NT 6.3; WOW64) AppleWebKit/537.36 (KHTML, like Gecko) Chrome/56.0.2924.87 Safari/537.36"
::1 - - [01/Mar/2017:06:43:28 +0000] "GET /api/rooms HTTP/1.1" 304 - "http://localhost:3000/" "Mozilla/5.0 (Windows NT 6.3; WOW64) AppleWebKit/537.36 (KHTML, like Gecko) Chrome/56.0.2924.87 Safari/537.36"
::1 - - [01/Mar/2017:06:43:28 +0000] "GET /api/rooms/f2754172-1c58-41ed-ae84-74e046888adb/messages HTTP/1.1" 304 - "http://localhost:3000/" "Mozilla/5.0 (Windows NT 6.3; WOW64) AppleWebKit/537.36 (KHTML, like Gecko) Chrome/56.0.2924.87 Safari/537.36"
::1 - - [01/Mar/2017:06:43:29 +0000] "GET /admin/rooms HTTP/1.1" 200 114828 "http://localhost:3000/" "Mozilla/5.0 (Windows NT 6.3; WOW64) AppleWebKit/537.36 (KHTML, like Gecko) Chrome/56.0.2924.87 Safari/537.36"
::1 - - [01/Mar/2017:06:43:29 +0000] "GET /style.css HTTP/1.1" 304 - "http://localhost:3000/admin/rooms" "Mozilla/5.0 (Windows NT 6.3; WOW64) AppleWebKit/537.36 (KHTML, like Gecko) Chrome/56.0.2924.87 Safari/537.36"
::1 - - [01/Mar/2017:06:43:29 +0000] "GET /css/bootstrap.min.css HTTP/1.1" 304 - "http://localhost:3000/admin/rooms" "Mozilla/5.0 (Windows NT 6.3; WOW64) AppleWebKit/537.36 (KHTML, like Gecko) Chrome/56.0.2924.87 Safari/537.36"
::1 - - [01/Mar/2017:06:43:29 +0000] "GET /fonts/glyphicons-halflings-regular.woff2 HTTP/1.1" 304 - "http://localhost:3000/css/bootstrap.min.css" "Mozilla/5.0 (Windows NT 6.3; WOW64) AppleWebKit/537.36 (KHTML, like Gecko) Chrome/56.0.2924.87 Safari/537.36"
::1 - - [01/Mar/2017:06:43:31 +0000] "GET / HTTP/1.1" 200 111642 "http://localhost:3000/admin/rooms" "Mozilla/5.0 (Windows NT 6.3; WOW64) AppleWebKit/537.36 (KHTML, like Gecko) Chrome/56.0.2924.87 Safari/537.36"
::1 - - [01/Mar/2017:06:43:31 +0000] "GET /css/bootstrap.min.css HTTP/1.1" 304 - "http://localhost:3000/" "Mozilla/5.0 (Windows NT 6.3; WOW64) AppleWebKit/537.36 (KHTML, like Gecko) Chrome/56.0.2924.87 Safari/537.36"
::1 - - [01/Mar/2017:06:43:31 +0000] "GET /style.css HTTP/1.1" 304 - "http://localhost:3000/" "Mozilla/5.0 (Windows NT 6.3; WOW64) AppleWebKit/537.36 (KHTML, like Gecko) Chrome/56.0.2924.87 Safari/537.36"
::1 - - [01/Mar/2017:06:43:31 +0000] "GET /jquery.min.js HTTP/1.1" 304 - "http://localhost:3000/" "Mozilla/5.0 (Windows NT 6.3; WOW64) AppleWebKit/537.36 (KHTML, like Gecko) Chrome/56.0.2924.87 Safari/537.36"
::1 - - [01/Mar/2017:06:43:31 +0000] "GET /home.js HTTP/1.1" 304 - "http://localhost:3000/" "Mozilla/5.0 (Windows NT 6.3; WOW64) AppleWebKit/537.36 (KHTML, like Gecko) Chrome/56.0.2924.87 Safari/537.36"
::1 - - [01/Mar/2017:06:43:31 +0000] "GET /api/rooms HTTP/1.1" 304 - "http://localhost:3000/" "Mozilla/5.0 (Windows NT 6.3; WOW64) AppleWebKit/537.36 (KHTML, like Gecko) Chrome/56.0.2924.87 Safari/537.36"
::1 - - [01/Mar/2017:06:43:31 +0000] "GET /api/rooms/f2754172-1c58-41ed-ae84-74e046888adb/messages HTTP/1.1" 304 - "http://localhost:3000/" "Mozilla/5.0 (Windows NT 6.3; WOW64) AppleWebKit/537.36 (KHTML, like Gecko) Chrome/56.0.2924.87 Safari/537.36"
::1 - - [01/Mar/2017:06:43:31 +0000] "GET /admin/rooms HTTP/1.1" 200 114829 "http://localhost:3000/" "Mozilla/5.0 (Windows NT 6.3; WOW64) AppleWebKit/537.36 (KHTML, like Gecko) Chrome/56.0.2924.87 Safari/537.36"
::1 - - [01/Mar/2017:06:43:31 +0000] "GET /style.css HTTP/1.1" 304 - "http://localhost:3000/admin/rooms" "Mozilla/5.0 (Windows NT 6.3; WOW64) AppleWebKit/537.36 (KHTML, like Gecko) Chrome/56.0.2924.87 Safari/537.36"
::1 - - [01/Mar/2017:06:43:31 +0000] "GET /css/bootstrap.min.css HTTP/1.1" 304 - "http://localhost:3000/admin/rooms" "Mozilla/5.0 (Windows NT 6.3; WOW64) AppleWebKit/537.36 (KHTML, like Gecko) Chrome/56.0.2924.87 Safari/537.36"
::1 - - [01/Mar/2017:06:43:31 +0000] "GET /fonts/glyphicons-halflings-regular.woff2 HTTP/1.1" 304 - "http://localhost:3000/css/bootstrap.min.css" "Mozilla/5.0 (Windows NT 6.3; WOW64) AppleWebKit/537.36 (KHTML, like Gecko) Chrome/56.0.2924.87 Safari/537.36"
::1 - - [01/Mar/2017:06:44:51 +0000] "GET /logout HTTP/1.1" 302 56 "http://localhost:3000/admin/rooms" "Mozilla/5.0 (Windows NT 6.3; WOW64) AppleWebKit/537.36 (KHTML, like Gecko) Chrome/56.0.2924.87 Safari/537.36"
::1 - - [01/Mar/2017:06:44:51 +0000] "GET /login HTTP/1.1" 200 109048 "http://localhost:3000/admin/rooms" "Mozilla/5.0 (Windows NT 6.3; WOW64) AppleWebKit/537.36 (KHTML, like Gecko) Chrome/56.0.2924.87 Safari/537.36"
::1 - - [01/Mar/2017:06:44:51 +0000] "GET /css/bootstrap.min.css HTTP/1.1" 304 - "http://localhost:3000/login" "Mozilla/5.0 (Windows NT 6.3; WOW64) AppleWebKit/537.36 (KHTML, like Gecko) Chrome/56.0.2924.87 Safari/537.36"
::1 - - [01/Mar/2017:06:44:51 +0000] "GET /style.css HTTP/1.1" 304 - "http://localhost:3000/login" "Mozilla/5.0 (Windows NT 6.3; WOW64) AppleWebKit/537.36 (KHTML, like Gecko) Chrome/56.0.2924.87 Safari/537.36"
::1 - - [01/Mar/2017:06:44:53 +0000] "POST /login HTTP/1.1" 302 46 "http://localhost:3000/login" "Mozilla/5.0 (Windows NT 6.3; WOW64) AppleWebKit/537.36 (KHTML, like Gecko) Chrome/56.0.2924.87 Safari/537.36"
::1 - - [01/Mar/2017:06:44:53 +0000] "GET / HTTP/1.1" 200 111620 "http://localhost:3000/login" "Mozilla/5.0 (Windows NT 6.3; WOW64) AppleWebKit/537.36 (KHTML, like Gecko) Chrome/56.0.2924.87 Safari/537.36"
::1 - - [01/Mar/2017:06:44:53 +0000] "GET /css/bootstrap.min.css HTTP/1.1" 304 - "http://localhost:3000/" "Mozilla/5.0 (Windows NT 6.3; WOW64) AppleWebKit/537.36 (KHTML, like Gecko) Chrome/56.0.2924.87 Safari/537.36"
::1 - - [01/Mar/2017:06:44:53 +0000] "GET /style.css HTTP/1.1" 304 - "http://localhost:3000/" "Mozilla/5.0 (Windows NT 6.3; WOW64) AppleWebKit/537.36 (KHTML, like Gecko) Chrome/56.0.2924.87 Safari/537.36"
::1 - - [01/Mar/2017:06:44:53 +0000] "GET /jquery.min.js HTTP/1.1" 304 - "http://localhost:3000/" "Mozilla/5.0 (Windows NT 6.3; WOW64) AppleWebKit/537.36 (KHTML, like Gecko) Chrome/56.0.2924.87 Safari/537.36"
::1 - - [01/Mar/2017:06:44:53 +0000] "GET /home.js HTTP/1.1" 304 - "http://localhost:3000/" "Mozilla/5.0 (Windows NT 6.3; WOW64) AppleWebKit/537.36 (KHTML, like Gecko) Chrome/56.0.2924.87 Safari/537.36"
::1 - - [01/Mar/2017:06:44:53 +0000] "GET /api/rooms HTTP/1.1" 304 - "http://localhost:3000/" "Mozilla/5.0 (Windows NT 6.3; WOW64) AppleWebKit/537.36 (KHTML, like Gecko) Chrome/56.0.2924.87 Safari/537.36"
::1 - - [01/Mar/2017:06:44:53 +0000] "GET /api/rooms/f2754172-1c58-41ed-ae84-74e046888adb/messages HTTP/1.1" 304 - "http://localhost:3000/" "Mozilla/5.0 (Windows NT 6.3; WOW64) AppleWebKit/537.36 (KHTML, like Gecko) Chrome/56.0.2924.87 Safari/537.36"
::1 - - [01/Mar/2017:06:44:54 +0000] "GET /admin/rooms HTTP/1.1" 302 56 "http://localhost:3000/" "Mozilla/5.0 (Windows NT 6.3; WOW64) AppleWebKit/537.36 (KHTML, like Gecko) Chrome/56.0.2924.87 Safari/537.36"
::1 - - [01/Mar/2017:06:44:54 +0000] "GET /login HTTP/1.1" 200 111259 "http://localhost:3000/" "Mozilla/5.0 (Windows NT 6.3; WOW64) AppleWebKit/537.36 (KHTML, like Gecko) Chrome/56.0.2924.87 Safari/537.36"
::1 - - [01/Mar/2017:06:44:54 +0000] "GET /css/bootstrap.min.css HTTP/1.1" 304 - "http://localhost:3000/login" "Mozilla/5.0 (Windows NT 6.3; WOW64) AppleWebKit/537.36 (KHTML, like Gecko) Chrome/56.0.2924.87 Safari/537.36"
::1 - - [01/Mar/2017:06:44:54 +0000] "GET /style.css HTTP/1.1" 304 - "http://localhost:3000/login" "Mozilla/5.0 (Windows NT 6.3; WOW64) AppleWebKit/537.36 (KHTML, like Gecko) Chrome/56.0.2924.87 Safari/537.36"
::1 - - [01/Mar/2017:06:47:44 +0000] "GET /login HTTP/1.1" 200 109351 "http://localhost:3000/login" "Mozilla/5.0 (Windows NT 6.3; WOW64) AppleWebKit/537.36 (KHTML, like Gecko) Chrome/56.0.2924.87 Safari/537.36"
::1 - - [01/Mar/2017:06:47:44 +0000] "GET /css/bootstrap.min.css HTTP/1.1" 304 - "http://localhost:3000/login" "Mozilla/5.0 (Windows NT 6.3; WOW64) AppleWebKit/537.36 (KHTML, like Gecko) Chrome/56.0.2924.87 Safari/537.36"
::1 - - [01/Mar/2017:06:47:44 +0000] "GET /style.css HTTP/1.1" 304 - "http://localhost:3000/login" "Mozilla/5.0 (Windows NT 6.3; WOW64) AppleWebKit/537.36 (KHTML, like Gecko) Chrome/56.0.2924.87 Safari/537.36"
::1 - - [01/Mar/2017:06:47:46 +0000] "POST /login HTTP/1.1" 302 46 "http://localhost:3000/login" "Mozilla/5.0 (Windows NT 6.3; WOW64) AppleWebKit/537.36 (KHTML, like Gecko) Chrome/56.0.2924.87 Safari/537.36"
::1 - - [01/Mar/2017:06:47:47 +0000] "GET / HTTP/1.1" 200 111870 "http://localhost:3000/login" "Mozilla/5.0 (Windows NT 6.3; WOW64) AppleWebKit/537.36 (KHTML, like Gecko) Chrome/56.0.2924.87 Safari/537.36"
::1 - - [01/Mar/2017:06:47:47 +0000] "GET /style.css HTTP/1.1" 304 - "http://localhost:3000/" "Mozilla/5.0 (Windows NT 6.3; WOW64) AppleWebKit/537.36 (KHTML, like Gecko) Chrome/56.0.2924.87 Safari/537.36"
::1 - - [01/Mar/2017:06:47:47 +0000] "GET /css/bootstrap.min.css HTTP/1.1" 304 - "http://localhost:3000/" "Mozilla/5.0 (Windows NT 6.3; WOW64) AppleWebKit/537.36 (KHTML, like Gecko) Chrome/56.0.2924.87 Safari/537.36"
::1 - - [01/Mar/2017:06:47:47 +0000] "GET /jquery.min.js HTTP/1.1" 304 - "http://localhost:3000/" "Mozilla/5.0 (Windows NT 6.3; WOW64) AppleWebKit/537.36 (KHTML, like Gecko) Chrome/56.0.2924.87 Safari/537.36"
::1 - - [01/Mar/2017:06:47:47 +0000] "GET /home.js HTTP/1.1" 304 - "http://localhost:3000/" "Mozilla/5.0 (Windows NT 6.3; WOW64) AppleWebKit/537.36 (KHTML, like Gecko) Chrome/56.0.2924.87 Safari/537.36"
::1 - - [01/Mar/2017:06:47:47 +0000] "GET /api/rooms HTTP/1.1" 304 - "http://localhost:3000/" "Mozilla/5.0 (Windows NT 6.3; WOW64) AppleWebKit/537.36 (KHTML, like Gecko) Chrome/56.0.2924.87 Safari/537.36"
::1 - - [01/Mar/2017:06:47:47 +0000] "GET /api/rooms/f2754172-1c58-41ed-ae84-74e046888adb/messages HTTP/1.1" 304 - "http://localhost:3000/" "Mozilla/5.0 (Windows NT 6.3; WOW64) AppleWebKit/537.36 (KHTML, like Gecko) Chrome/56.0.2924.87 Safari/537.36"
::1 - - [01/Mar/2017:06:47:49 +0000] "GET /admin/rooms HTTP/1.1" 200 114505 "http://localhost:3000/" "Mozilla/5.0 (Windows NT 6.3; WOW64) AppleWebKit/537.36 (KHTML, like Gecko) Chrome/56.0.2924.87 Safari/537.36"
::1 - - [01/Mar/2017:06:47:49 +0000] "GET /style.css HTTP/1.1" 304 - "http://localhost:3000/admin/rooms" "Mozilla/5.0 (Windows NT 6.3; WOW64) AppleWebKit/537.36 (KHTML, like Gecko) Chrome/56.0.2924.87 Safari/537.36"
::1 - - [01/Mar/2017:06:47:49 +0000] "GET /css/bootstrap.min.css HTTP/1.1" 304 - "http://localhost:3000/admin/rooms" "Mozilla/5.0 (Windows NT 6.3; WOW64) AppleWebKit/537.36 (KHTML, like Gecko) Chrome/56.0.2924.87 Safari/537.36"
::1 - - [01/Mar/2017:06:47:49 +0000] "GET /fonts/glyphicons-halflings-regular.woff2 HTTP/1.1" 304 - "http://localhost:3000/css/bootstrap.min.css" "Mozilla/5.0 (Windows NT 6.3; WOW64) AppleWebKit/537.36 (KHTML, like Gecko) Chrome/56.0.2924.87 Safari/537.36"
::1 - - [01/Mar/2017:06:47:51 +0000] "GET /logout HTTP/1.1" 302 56 "http://localhost:3000/admin/rooms" "Mozilla/5.0 (Windows NT 6.3; WOW64) AppleWebKit/537.36 (KHTML, like Gecko) Chrome/56.0.2924.87 Safari/537.36"
::1 - - [01/Mar/2017:06:47:51 +0000] "GET /login HTTP/1.1" 200 109567 "http://localhost:3000/admin/rooms" "Mozilla/5.0 (Windows NT 6.3; WOW64) AppleWebKit/537.36 (KHTML, like Gecko) Chrome/56.0.2924.87 Safari/537.36"
::1 - - [01/Mar/2017:06:47:51 +0000] "GET /css/bootstrap.min.css HTTP/1.1" 304 - "http://localhost:3000/login" "Mozilla/5.0 (Windows NT 6.3; WOW64) AppleWebKit/537.36 (KHTML, like Gecko) Chrome/56.0.2924.87 Safari/537.36"
::1 - - [01/Mar/2017:06:47:51 +0000] "GET /style.css HTTP/1.1" 304 - "http://localhost:3000/login" "Mozilla/5.0 (Windows NT 6.3; WOW64) AppleWebKit/537.36 (KHTML, like Gecko) Chrome/56.0.2924.87 Safari/537.36"
::1 - - [01/Mar/2017:06:48:02 +0000] "POST /login HTTP/1.1" 302 46 "http://localhost:3000/login" "Mozilla/5.0 (Windows NT 6.3; WOW64) AppleWebKit/537.36 (KHTML, like Gecko) Chrome/56.0.2924.87 Safari/537.36"
::1 - - [01/Mar/2017:06:48:02 +0000] "GET / HTTP/1.1" 200 111608 "http://localhost:3000/login" "Mozilla/5.0 (Windows NT 6.3; WOW64) AppleWebKit/537.36 (KHTML, like Gecko) Chrome/56.0.2924.87 Safari/537.36"
::1 - - [01/Mar/2017:06:48:02 +0000] "GET /css/bootstrap.min.css HTTP/1.1" 304 - "http://localhost:3000/" "Mozilla/5.0 (Windows NT 6.3; WOW64) AppleWebKit/537.36 (KHTML, like Gecko) Chrome/56.0.2924.87 Safari/537.36"
::1 - - [01/Mar/2017:06:48:02 +0000] "GET /style.css HTTP/1.1" 304 - "http://localhost:3000/" "Mozilla/5.0 (Windows NT 6.3; WOW64) AppleWebKit/537.36 (KHTML, like Gecko) Chrome/56.0.2924.87 Safari/537.36"
::1 - - [01/Mar/2017:06:48:02 +0000] "GET /home.js HTTP/1.1" 304 - "http://localhost:3000/" "Mozilla/5.0 (Windows NT 6.3; WOW64) AppleWebKit/537.36 (KHTML, like Gecko) Chrome/56.0.2924.87 Safari/537.36"
::1 - - [01/Mar/2017:06:48:02 +0000] "GET /jquery.min.js HTTP/1.1" 304 - "http://localhost:3000/" "Mozilla/5.0 (Windows NT 6.3; WOW64) AppleWebKit/537.36 (KHTML, like Gecko) Chrome/56.0.2924.87 Safari/537.36"
::1 - - [01/Mar/2017:06:48:02 +0000] "GET /api/rooms HTTP/1.1" 304 - "http://localhost:3000/" "Mozilla/5.0 (Windows NT 6.3; WOW64) AppleWebKit/537.36 (KHTML, like Gecko) Chrome/56.0.2924.87 Safari/537.36"
::1 - - [01/Mar/2017:06:48:02 +0000] "GET /api/rooms/f2754172-1c58-41ed-ae84-74e046888adb/messages HTTP/1.1" 304 - "http://localhost:3000/" "Mozilla/5.0 (Windows NT 6.3; WOW64) AppleWebKit/537.36 (KHTML, like Gecko) Chrome/56.0.2924.87 Safari/537.36"
::1 - - [01/Mar/2017:06:48:05 +0000] "GET /admin/rooms HTTP/1.1" 302 56 "http://localhost:3000/" "Mozilla/5.0 (Windows NT 6.3; WOW64) AppleWebKit/537.36 (KHTML, like Gecko) Chrome/56.0.2924.87 Safari/537.36"
::1 - - [01/Mar/2017:06:48:05 +0000] "GET /login HTTP/1.1" 200 111247 "http://localhost:3000/" "Mozilla/5.0 (Windows NT 6.3; WOW64) AppleWebKit/537.36 (KHTML, like Gecko) Chrome/56.0.2924.87 Safari/537.36"
::1 - - [01/Mar/2017:06:48:05 +0000] "GET /style.css HTTP/1.1" 304 - "http://localhost:3000/login" "Mozilla/5.0 (Windows NT 6.3; WOW64) AppleWebKit/537.36 (KHTML, like Gecko) Chrome/56.0.2924.87 Safari/537.36"
::1 - - [01/Mar/2017:06:48:05 +0000] "GET /css/bootstrap.min.css HTTP/1.1" 304 - "http://localhost:3000/login" "Mozilla/5.0 (Windows NT 6.3; WOW64) AppleWebKit/537.36 (KHTML, like Gecko) Chrome/56.0.2924.87 Safari/537.36"
::1 - - [01/Mar/2017:22:31:43 +0000] "GET / HTTP/1.1" 302 56 "-" "Mozilla/5.0 (Windows NT 6.3; WOW64) AppleWebKit/537.36 (KHTML, like Gecko) Chrome/56.0.2924.87 Safari/537.36"
::1 - - [01/Mar/2017:22:31:45 +0000] "GET /login HTTP/1.1" 200 108350 "-" "Mozilla/5.0 (Windows NT 6.3; WOW64) AppleWebKit/537.36 (KHTML, like Gecko) Chrome/56.0.2924.87 Safari/537.36"
::1 - - [01/Mar/2017:22:31:45 +0000] "GET /css/bootstrap.min.css HTTP/1.1" 304 - "http://localhost:3000/login" "Mozilla/5.0 (Windows NT 6.3; WOW64) AppleWebKit/537.36 (KHTML, like Gecko) Chrome/56.0.2924.87 Safari/537.36"
::1 - - [01/Mar/2017:22:31:45 +0000] "GET /style.css HTTP/1.1" 304 - "http://localhost:3000/login" "Mozilla/5.0 (Windows NT 6.3; WOW64) AppleWebKit/537.36 (KHTML, like Gecko) Chrome/56.0.2924.87 Safari/537.36"
::1 - - [01/Mar/2017:22:31:46 +0000] "GET /favicon.ico HTTP/1.1" 302 28 "http://localhost:3000/login" "Mozilla/5.0 (Windows NT 6.3; WOW64) AppleWebKit/537.36 (KHTML, like Gecko) Chrome/56.0.2924.87 Safari/537.36"
::1 - - [01/Mar/2017:22:31:46 +0000] "GET /login HTTP/1.1" 200 1009 "http://localhost:3000/login" "Mozilla/5.0 (Windows NT 6.3; WOW64) AppleWebKit/537.36 (KHTML, like Gecko) Chrome/56.0.2924.87 Safari/537.36"
::1 - - [01/Mar/2017:22:31:47 +0000] "POST /login HTTP/1.1" 302 46 "http://localhost:3000/login" "Mozilla/5.0 (Windows NT 6.3; WOW64) AppleWebKit/537.36 (KHTML, like Gecko) Chrome/56.0.2924.87 Safari/537.36"
::1 - - [01/Mar/2017:22:31:47 +0000] "GET / HTTP/1.1" 200 111841 "http://localhost:3000/login" "Mozilla/5.0 (Windows NT 6.3; WOW64) AppleWebKit/537.36 (KHTML, like Gecko) Chrome/56.0.2924.87 Safari/537.36"
::1 - - [01/Mar/2017:22:31:47 +0000] "GET /css/bootstrap.min.css HTTP/1.1" 304 - "http://localhost:3000/" "Mozilla/5.0 (Windows NT 6.3; WOW64) AppleWebKit/537.36 (KHTML, like Gecko) Chrome/56.0.2924.87 Safari/537.36"
::1 - - [01/Mar/2017:22:31:47 +0000] "GET /style.css HTTP/1.1" 304 - "http://localhost:3000/" "Mozilla/5.0 (Windows NT 6.3; WOW64) AppleWebKit/537.36 (KHTML, like Gecko) Chrome/56.0.2924.87 Safari/537.36"
::1 - - [01/Mar/2017:22:31:47 +0000] "GET /jquery.min.js HTTP/1.1" 304 - "http://localhost:3000/" "Mozilla/5.0 (Windows NT 6.3; WOW64) AppleWebKit/537.36 (KHTML, like Gecko) Chrome/56.0.2924.87 Safari/537.36"
::1 - - [01/Mar/2017:22:31:47 +0000] "GET /home.js HTTP/1.1" 304 - "http://localhost:3000/" "Mozilla/5.0 (Windows NT 6.3; WOW64) AppleWebKit/537.36 (KHTML, like Gecko) Chrome/56.0.2924.87 Safari/537.36"
::1 - - [01/Mar/2017:22:31:47 +0000] "GET /api/rooms HTTP/1.1" 304 - "http://localhost:3000/" "Mozilla/5.0 (Windows NT 6.3; WOW64) AppleWebKit/537.36 (KHTML, like Gecko) Chrome/56.0.2924.87 Safari/537.36"
::1 - - [01/Mar/2017:22:31:47 +0000] "GET /api/rooms/f2754172-1c58-41ed-ae84-74e046888adb/messages HTTP/1.1" 304 - "http://localhost:3000/" "Mozilla/5.0 (Windows NT 6.3; WOW64) AppleWebKit/537.36 (KHTML, like Gecko) Chrome/56.0.2924.87 Safari/537.36"
::1 - - [01/Mar/2017:22:31:47 +0000] "GET /favicon.ico HTTP/1.1" 404 24 "http://localhost:3000/" "Mozilla/5.0 (Windows NT 6.3; WOW64) AppleWebKit/537.36 (KHTML, like Gecko) Chrome/56.0.2924.87 Safari/537.36"
::1 - - [02/Mar/2017:01:02:09 +0000] "GET / HTTP/1.1" 302 56 "-" "Mozilla/5.0 (Windows NT 6.3; WOW64) AppleWebKit/537.36 (KHTML, like Gecko) Chrome/56.0.2924.87 Safari/537.36"
::1 - - [02/Mar/2017:01:02:09 +0000] "GET /login HTTP/1.1" 200 108751 "-" "Mozilla/5.0 (Windows NT 6.3; WOW64) AppleWebKit/537.36 (KHTML, like Gecko) Chrome/56.0.2924.87 Safari/537.36"
::1 - - [02/Mar/2017:01:02:09 +0000] "GET /css/bootstrap.min.css HTTP/1.1" 304 - "http://localhost:3000/login" "Mozilla/5.0 (Windows NT 6.3; WOW64) AppleWebKit/537.36 (KHTML, like Gecko) Chrome/56.0.2924.87 Safari/537.36"
::1 - - [02/Mar/2017:01:02:09 +0000] "GET /style.css HTTP/1.1" 304 - "http://localhost:3000/login" "Mozilla/5.0 (Windows NT 6.3; WOW64) AppleWebKit/537.36 (KHTML, like Gecko) Chrome/56.0.2924.87 Safari/537.36"
::1 - - [02/Mar/2017:01:02:10 +0000] "POST /login HTTP/1.1" 302 46 "http://localhost:3000/login" "Mozilla/5.0 (Windows NT 6.3; WOW64) AppleWebKit/537.36 (KHTML, like Gecko) Chrome/56.0.2924.87 Safari/537.36"
::1 - - [02/Mar/2017:01:02:11 +0000] "GET / HTTP/1.1" 200 111845 "http://localhost:3000/login" "Mozilla/5.0 (Windows NT 6.3; WOW64) AppleWebKit/537.36 (KHTML, like Gecko) Chrome/56.0.2924.87 Safari/537.36"
::1 - - [02/Mar/2017:01:02:11 +0000] "GET /css/bootstrap.min.css HTTP/1.1" 304 - "http://localhost:3000/" "Mozilla/5.0 (Windows NT 6.3; WOW64) AppleWebKit/537.36 (KHTML, like Gecko) Chrome/56.0.2924.87 Safari/537.36"
::1 - - [02/Mar/2017:01:02:11 +0000] "GET /style.css HTTP/1.1" 304 - "http://localhost:3000/" "Mozilla/5.0 (Windows NT 6.3; WOW64) AppleWebKit/537.36 (KHTML, like Gecko) Chrome/56.0.2924.87 Safari/537.36"
::1 - - [02/Mar/2017:01:02:11 +0000] "GET /home.js HTTP/1.1" 304 - "http://localhost:3000/" "Mozilla/5.0 (Windows NT 6.3; WOW64) AppleWebKit/537.36 (KHTML, like Gecko) Chrome/56.0.2924.87 Safari/537.36"
::1 - - [02/Mar/2017:01:02:11 +0000] "GET /jquery.min.js HTTP/1.1" 304 - "http://localhost:3000/" "Mozilla/5.0 (Windows NT 6.3; WOW64) AppleWebKit/537.36 (KHTML, like Gecko) Chrome/56.0.2924.87 Safari/537.36"
::1 - - [02/Mar/2017:01:02:11 +0000] "GET /api/rooms HTTP/1.1" 200 268 "http://localhost:3000/" "Mozilla/5.0 (Windows NT 6.3; WOW64) AppleWebKit/537.36 (KHTML, like Gecko) Chrome/56.0.2924.87 Safari/537.36"
::1 - - [02/Mar/2017:01:02:11 +0000] "GET /api/rooms/f2754172-1c58-41ed-ae84-74e046888adb/messages HTTP/1.1" 200 165 "http://localhost:3000/" "Mozilla/5.0 (Windows NT 6.3; WOW64) AppleWebKit/537.36 (KHTML, like Gecko) Chrome/56.0.2924.87 Safari/537.36"
::1 - - [02/Mar/2017:01:02:20 +0000] "POST /api/rooms/f2754172-1c58-41ed-ae84-74e046888adb/messages HTTP/1.1" 200 2 "http://localhost:3000/" "Mozilla/5.0 (Windows NT 6.3; WOW64) AppleWebKit/537.36 (KHTML, like Gecko) Chrome/56.0.2924.87 Safari/537.36"
::1 - - [02/Mar/2017:01:02:20 +0000] "GET /api/rooms/f2754172-1c58-41ed-ae84-74e046888adb/messages HTTP/1.1" 200 191 "http://localhost:3000/" "Mozilla/5.0 (Windows NT 6.3; WOW64) AppleWebKit/537.36 (KHTML, like Gecko) Chrome/56.0.2924.87 Safari/537.36"
::1 - - [02/Mar/2017:01:02:22 +0000] "POST /api/rooms/f2754172-1c58-41ed-ae84-74e046888adb/messages HTTP/1.1" 200 2 "http://localhost:3000/" "Mozilla/5.0 (Windows NT 6.3; WOW64) AppleWebKit/537.36 (KHTML, like Gecko) Chrome/56.0.2924.87 Safari/537.36"
::1 - - [02/Mar/2017:01:02:22 +0000] "GET /api/rooms/f2754172-1c58-41ed-ae84-74e046888adb/messages HTTP/1.1" 200 217 "http://localhost:3000/" "Mozilla/5.0 (Windows NT 6.3; WOW64) AppleWebKit/537.36 (KHTML, like Gecko) Chrome/56.0.2924.87 Safari/537.36"
::1 - - [02/Mar/2017:01:02:22 +0000] "POST /api/rooms/f2754172-1c58-41ed-ae84-74e046888adb/messages HTTP/1.1" 200 2 "http://localhost:3000/" "Mozilla/5.0 (Windows NT 6.3; WOW64) AppleWebKit/537.36 (KHTML, like Gecko) Chrome/56.0.2924.87 Safari/537.36"
::1 - - [02/Mar/2017:01:02:22 +0000] "GET /api/rooms/f2754172-1c58-41ed-ae84-74e046888adb/messages HTTP/1.1" 200 243 "http://localhost:3000/" "Mozilla/5.0 (Windows NT 6.3; WOW64) AppleWebKit/537.36 (KHTML, like Gecko) Chrome/56.0.2924.87 Safari/537.36"
::1 - - [02/Mar/2017:01:02:22 +0000] "POST /api/rooms/f2754172-1c58-41ed-ae84-74e046888adb/messages HTTP/1.1" 200 2 "http://localhost:3000/" "Mozilla/5.0 (Windows NT 6.3; WOW64) AppleWebKit/537.36 (KHTML, like Gecko) Chrome/56.0.2924.87 Safari/537.36"
::1 - - [02/Mar/2017:01:02:22 +0000] "GET /api/rooms/f2754172-1c58-41ed-ae84-74e046888adb/messages HTTP/1.1" 200 269 "http://localhost:3000/" "Mozilla/5.0 (Windows NT 6.3; WOW64) AppleWebKit/537.36 (KHTML, like Gecko) Chrome/56.0.2924.87 Safari/537.36"
::1 - - [02/Mar/2017:01:02:22 +0000] "POST /api/rooms/f2754172-1c58-41ed-ae84-74e046888adb/messages HTTP/1.1" 200 2 "http://localhost:3000/" "Mozilla/5.0 (Windows NT 6.3; WOW64) AppleWebKit/537.36 (KHTML, like Gecko) Chrome/56.0.2924.87 Safari/537.36"
::1 - - [02/Mar/2017:01:02:22 +0000] "GET /api/rooms/f2754172-1c58-41ed-ae84-74e046888adb/messages HTTP/1.1" 200 295 "http://localhost:3000/" "Mozilla/5.0 (Windows NT 6.3; WOW64) AppleWebKit/537.36 (KHTML, like Gecko) Chrome/56.0.2924.87 Safari/537.36"
::1 - - [02/Mar/2017:01:02:22 +0000] "POST /api/rooms/f2754172-1c58-41ed-ae84-74e046888adb/messages HTTP/1.1" 200 2 "http://localhost:3000/" "Mozilla/5.0 (Windows NT 6.3; WOW64) AppleWebKit/537.36 (KHTML, like Gecko) Chrome/56.0.2924.87 Safari/537.36"
::1 - - [02/Mar/2017:01:02:22 +0000] "GET /api/rooms/f2754172-1c58-41ed-ae84-74e046888adb/messages HTTP/1.1" 200 321 "http://localhost:3000/" "Mozilla/5.0 (Windows NT 6.3; WOW64) AppleWebKit/537.36 (KHTML, like Gecko) Chrome/56.0.2924.87 Safari/537.36"
::1 - - [02/Mar/2017:03:20:03 +0000] "GET / HTTP/1.1" 302 56 "-" "Mozilla/5.0 (Windows NT 6.3; WOW64) AppleWebKit/537.36 (KHTML, like Gecko) Chrome/56.0.2924.87 Safari/537.36"
::1 - - [02/Mar/2017:03:20:03 +0000] "GET /login HTTP/1.1" 302 46 "-" "Mozilla/5.0 (Windows NT 6.3; WOW64) AppleWebKit/537.36 (KHTML, like Gecko) Chrome/56.0.2924.87 Safari/537.36"
::1 - - [02/Mar/2017:03:20:03 +0000] "GET / HTTP/1.1" 200 111664 "-" "Mozilla/5.0 (Windows NT 6.3; WOW64) AppleWebKit/537.36 (KHTML, like Gecko) Chrome/56.0.2924.87 Safari/537.36"
::1 - - [02/Mar/2017:03:20:03 +0000] "GET /css/bootstrap.min.css HTTP/1.1" 304 - "http://localhost:3000/" "Mozilla/5.0 (Windows NT 6.3; WOW64) AppleWebKit/537.36 (KHTML, like Gecko) Chrome/56.0.2924.87 Safari/537.36"
::1 - - [02/Mar/2017:03:20:03 +0000] "GET /style.css HTTP/1.1" 304 - "http://localhost:3000/" "Mozilla/5.0 (Windows NT 6.3; WOW64) AppleWebKit/537.36 (KHTML, like Gecko) Chrome/56.0.2924.87 Safari/537.36"
::1 - - [02/Mar/2017:03:20:03 +0000] "GET /home.js HTTP/1.1" 304 - "http://localhost:3000/" "Mozilla/5.0 (Windows NT 6.3; WOW64) AppleWebKit/537.36 (KHTML, like Gecko) Chrome/56.0.2924.87 Safari/537.36"
::1 - - [02/Mar/2017:03:20:03 +0000] "GET /jquery.min.js HTTP/1.1" 304 - "http://localhost:3000/" "Mozilla/5.0 (Windows NT 6.3; WOW64) AppleWebKit/537.36 (KHTML, like Gecko) Chrome/56.0.2924.87 Safari/537.36"
::1 - - [02/Mar/2017:03:20:04 +0000] "GET /api/rooms HTTP/1.1" 304 - "http://localhost:3000/" "Mozilla/5.0 (Windows NT 6.3; WOW64) AppleWebKit/537.36 (KHTML, like Gecko) Chrome/56.0.2924.87 Safari/537.36"
::1 - - [02/Mar/2017:03:20:04 +0000] "GET /api/rooms/f2754172-1c58-41ed-ae84-74e046888adb/messages HTTP/1.1" 200 165 "http://localhost:3000/" "Mozilla/5.0 (Windows NT 6.3; WOW64) AppleWebKit/537.36 (KHTML, like Gecko) Chrome/56.0.2924.87 Safari/537.36"
::1 - - [02/Mar/2017:03:20:05 +0000] "GET /logout HTTP/1.1" 302 56 "http://localhost:3000/" "Mozilla/5.0 (Windows NT 6.3; WOW64) AppleWebKit/537.36 (KHTML, like Gecko) Chrome/56.0.2924.87 Safari/537.36"
::1 - - [02/Mar/2017:03:20:05 +0000] "GET /login HTTP/1.1" 302 46 "http://localhost:3000/" "Mozilla/5.0 (Windows NT 6.3; WOW64) AppleWebKit/537.36 (KHTML, like Gecko) Chrome/56.0.2924.87 Safari/537.36"
::1 - - [02/Mar/2017:03:20:05 +0000] "GET / HTTP/1.1" 200 112241 "http://localhost:3000/" "Mozilla/5.0 (Windows NT 6.3; WOW64) AppleWebKit/537.36 (KHTML, like Gecko) Chrome/56.0.2924.87 Safari/537.36"
::1 - - [02/Mar/2017:03:20:05 +0000] "GET /style.css HTTP/1.1" 304 - "http://localhost:3000/" "Mozilla/5.0 (Windows NT 6.3; WOW64) AppleWebKit/537.36 (KHTML, like Gecko) Chrome/56.0.2924.87 Safari/537.36"
::1 - - [02/Mar/2017:03:20:05 +0000] "GET /css/bootstrap.min.css HTTP/1.1" 304 - "http://localhost:3000/" "Mozilla/5.0 (Windows NT 6.3; WOW64) AppleWebKit/537.36 (KHTML, like Gecko) Chrome/56.0.2924.87 Safari/537.36"
::1 - - [02/Mar/2017:03:20:05 +0000] "GET /home.js HTTP/1.1" 304 - "http://localhost:3000/" "Mozilla/5.0 (Windows NT 6.3; WOW64) AppleWebKit/537.36 (KHTML, like Gecko) Chrome/56.0.2924.87 Safari/537.36"
::1 - - [02/Mar/2017:03:20:05 +0000] "GET /jquery.min.js HTTP/1.1" 304 - "http://localhost:3000/" "Mozilla/5.0 (Windows NT 6.3; WOW64) AppleWebKit/537.36 (KHTML, like Gecko) Chrome/56.0.2924.87 Safari/537.36"
::1 - - [02/Mar/2017:03:20:05 +0000] "GET /api/rooms HTTP/1.1" 304 - "http://localhost:3000/" "Mozilla/5.0 (Windows NT 6.3; WOW64) AppleWebKit/537.36 (KHTML, like Gecko) Chrome/56.0.2924.87 Safari/537.36"
::1 - - [02/Mar/2017:03:20:05 +0000] "GET /api/rooms/f2754172-1c58-41ed-ae84-74e046888adb/messages HTTP/1.1" 304 - "http://localhost:3000/" "Mozilla/5.0 (Windows NT 6.3; WOW64) AppleWebKit/537.36 (KHTML, like Gecko) Chrome/56.0.2924.87 Safari/537.36"
::1 - - [02/Mar/2017:03:20:06 +0000] "GET /logout HTTP/1.1" 302 56 "http://localhost:3000/" "Mozilla/5.0 (Windows NT 6.3; WOW64) AppleWebKit/537.36 (KHTML, like Gecko) Chrome/56.0.2924.87 Safari/537.36"
::1 - - [02/Mar/2017:03:20:06 +0000] "GET /login HTTP/1.1" 302 46 "http://localhost:3000/" "Mozilla/5.0 (Windows NT 6.3; WOW64) AppleWebKit/537.36 (KHTML, like Gecko) Chrome/56.0.2924.87 Safari/537.36"
::1 - - [02/Mar/2017:03:20:06 +0000] "GET / HTTP/1.1" 200 112242 "http://localhost:3000/" "Mozilla/5.0 (Windows NT 6.3; WOW64) AppleWebKit/537.36 (KHTML, like Gecko) Chrome/56.0.2924.87 Safari/537.36"
::1 - - [02/Mar/2017:03:20:06 +0000] "GET /style.css HTTP/1.1" 304 - "http://localhost:3000/" "Mozilla/5.0 (Windows NT 6.3; WOW64) AppleWebKit/537.36 (KHTML, like Gecko) Chrome/56.0.2924.87 Safari/537.36"
::1 - - [02/Mar/2017:03:20:06 +0000] "GET /css/bootstrap.min.css HTTP/1.1" 304 - "http://localhost:3000/" "Mozilla/5.0 (Windows NT 6.3; WOW64) AppleWebKit/537.36 (KHTML, like Gecko) Chrome/56.0.2924.87 Safari/537.36"
::1 - - [02/Mar/2017:03:20:06 +0000] "GET /jquery.min.js HTTP/1.1" 304 - "http://localhost:3000/" "Mozilla/5.0 (Windows NT 6.3; WOW64) AppleWebKit/537.36 (KHTML, like Gecko) Chrome/56.0.2924.87 Safari/537.36"
::1 - - [02/Mar/2017:03:20:06 +0000] "GET /home.js HTTP/1.1" 304 - "http://localhost:3000/" "Mozilla/5.0 (Windows NT 6.3; WOW64) AppleWebKit/537.36 (KHTML, like Gecko) Chrome/56.0.2924.87 Safari/537.36"
::1 - - [02/Mar/2017:03:20:06 +0000] "GET /api/rooms HTTP/1.1" 304 - "http://localhost:3000/" "Mozilla/5.0 (Windows NT 6.3; WOW64) AppleWebKit/537.36 (KHTML, like Gecko) Chrome/56.0.2924.87 Safari/537.36"
::1 - - [02/Mar/2017:03:20:06 +0000] "GET /api/rooms/f2754172-1c58-41ed-ae84-74e046888adb/messages HTTP/1.1" 304 - "http://localhost:3000/" "Mozilla/5.0 (Windows NT 6.3; WOW64) AppleWebKit/537.36 (KHTML, like Gecko) Chrome/56.0.2924.87 Safari/537.36"
::1 - - [12/Mar/2017:01:53:22 +0000] "GET / HTTP/1.1" 302 56 "-" "Mozilla/5.0 (Windows NT 6.3; WOW64) AppleWebKit/537.36 (KHTML, like Gecko) Chrome/57.0.2987.98 Safari/537.36"
::1 - - [12/Mar/2017:01:53:22 +0000] "GET /login HTTP/1.1" 302 46 "-" "Mozilla/5.0 (Windows NT 6.3; WOW64) AppleWebKit/537.36 (KHTML, like Gecko) Chrome/57.0.2987.98 Safari/537.36"
::1 - - [12/Mar/2017:01:53:23 +0000] "GET / HTTP/1.1" 200 111664 "-" "Mozilla/5.0 (Windows NT 6.3; WOW64) AppleWebKit/537.36 (KHTML, like Gecko) Chrome/57.0.2987.98 Safari/537.36"
::1 - - [12/Mar/2017:01:53:23 +0000] "GET /style.css HTTP/1.1" 200 74 "http://localhost:3000/" "Mozilla/5.0 (Windows NT 6.3; WOW64) AppleWebKit/537.36 (KHTML, like Gecko) Chrome/57.0.2987.98 Safari/537.36"
::1 - - [12/Mar/2017:01:53:23 +0000] "GET /home.js HTTP/1.1" 200 1606 "http://localhost:3000/" "Mozilla/5.0 (Windows NT 6.3; WOW64) AppleWebKit/537.36 (KHTML, like Gecko) Chrome/57.0.2987.98 Safari/537.36"
::1 - - [12/Mar/2017:01:53:23 +0000] "GET /css/bootstrap.min.css HTTP/1.1" 200 121200 "http://localhost:3000/" "Mozilla/5.0 (Windows NT 6.3; WOW64) AppleWebKit/537.36 (KHTML, like Gecko) Chrome/57.0.2987.98 Safari/537.36"
::1 - - [12/Mar/2017:01:53:23 +0000] "GET /jquery.min.js HTTP/1.1" 200 84380 "http://localhost:3000/" "Mozilla/5.0 (Windows NT 6.3; WOW64) AppleWebKit/537.36 (KHTML, like Gecko) Chrome/57.0.2987.98 Safari/537.36"
::1 - - [12/Mar/2017:01:53:24 +0000] "GET /api/rooms HTTP/1.1" 200 268 "http://localhost:3000/" "Mozilla/5.0 (Windows NT 6.3; WOW64) AppleWebKit/537.36 (KHTML, like Gecko) Chrome/57.0.2987.98 Safari/537.36"
::1 - - [12/Mar/2017:01:53:24 +0000] "GET /api/rooms/f2754172-1c58-41ed-ae84-74e046888adb/messages HTTP/1.1" 200 165 "http://localhost:3000/" "Mozilla/5.0 (Windows NT 6.3; WOW64) AppleWebKit/537.36 (KHTML, like Gecko) Chrome/57.0.2987.98 Safari/537.36"
::1 - - [12/Mar/2017:01:53:26 +0000] "GET / HTTP/1.1" 200 112242 "http://localhost:3000/" "Mozilla/5.0 (Windows NT 6.3; WOW64) AppleWebKit/537.36 (KHTML, like Gecko) Chrome/57.0.2987.98 Safari/537.36"
::1 - - [12/Mar/2017:01:53:26 +0000] "GET /css/bootstrap.min.css HTTP/1.1" 304 - "http://localhost:3000/" "Mozilla/5.0 (Windows NT 6.3; WOW64) AppleWebKit/537.36 (KHTML, like Gecko) Chrome/57.0.2987.98 Safari/537.36"
::1 - - [12/Mar/2017:01:53:26 +0000] "GET /style.css HTTP/1.1" 304 - "http://localhost:3000/" "Mozilla/5.0 (Windows NT 6.3; WOW64) AppleWebKit/537.36 (KHTML, like Gecko) Chrome/57.0.2987.98 Safari/537.36"
::1 - - [12/Mar/2017:01:53:26 +0000] "GET /home.js HTTP/1.1" 304 - "http://localhost:3000/" "Mozilla/5.0 (Windows NT 6.3; WOW64) AppleWebKit/537.36 (KHTML, like Gecko) Chrome/57.0.2987.98 Safari/537.36"
::1 - - [12/Mar/2017:01:53:26 +0000] "GET /jquery.min.js HTTP/1.1" 304 - "http://localhost:3000/" "Mozilla/5.0 (Windows NT 6.3; WOW64) AppleWebKit/537.36 (KHTML, like Gecko) Chrome/57.0.2987.98 Safari/537.36"
::1 - - [12/Mar/2017:01:53:26 +0000] "GET /api/rooms HTTP/1.1" 304 - "http://localhost:3000/" "Mozilla/5.0 (Windows NT 6.3; WOW64) AppleWebKit/537.36 (KHTML, like Gecko) Chrome/57.0.2987.98 Safari/537.36"
::1 - - [12/Mar/2017:01:53:26 +0000] "GET /api/rooms/f2754172-1c58-41ed-ae84-74e046888adb/messages HTTP/1.1" 304 - "http://localhost:3000/" "Mozilla/5.0 (Windows NT 6.3; WOW64) AppleWebKit/537.36 (KHTML, like Gecko) Chrome/57.0.2987.98 Safari/537.36"
::1 - - [12/Mar/2017:01:53:27 +0000] "GET / HTTP/1.1" 200 112242 "http://localhost:3000/" "Mozilla/5.0 (Windows NT 6.3; WOW64) AppleWebKit/537.36 (KHTML, like Gecko) Chrome/57.0.2987.98 Safari/537.36"
::1 - - [12/Mar/2017:01:53:27 +0000] "GET /css/bootstrap.min.css HTTP/1.1" 304 - "http://localhost:3000/" "Mozilla/5.0 (Windows NT 6.3; WOW64) AppleWebKit/537.36 (KHTML, like Gecko) Chrome/57.0.2987.98 Safari/537.36"
::1 - - [12/Mar/2017:01:53:27 +0000] "GET /style.css HTTP/1.1" 304 - "http://localhost:3000/" "Mozilla/5.0 (Windows NT 6.3; WOW64) AppleWebKit/537.36 (KHTML, like Gecko) Chrome/57.0.2987.98 Safari/537.36"
::1 - - [12/Mar/2017:01:53:27 +0000] "GET /jquery.min.js HTTP/1.1" 304 - "http://localhost:3000/" "Mozilla/5.0 (Windows NT 6.3; WOW64) AppleWebKit/537.36 (KHTML, like Gecko) Chrome/57.0.2987.98 Safari/537.36"
::1 - - [12/Mar/2017:01:53:27 +0000] "GET /home.js HTTP/1.1" 304 - "http://localhost:3000/" "Mozilla/5.0 (Windows NT 6.3; WOW64) AppleWebKit/537.36 (KHTML, like Gecko) Chrome/57.0.2987.98 Safari/537.36"
::1 - - [12/Mar/2017:01:53:27 +0000] "GET /api/rooms HTTP/1.1" 304 - "http://localhost:3000/" "Mozilla/5.0 (Windows NT 6.3; WOW64) AppleWebKit/537.36 (KHTML, like Gecko) Chrome/57.0.2987.98 Safari/537.36"
::1 - - [12/Mar/2017:01:53:27 +0000] "GET /api/rooms/f2754172-1c58-41ed-ae84-74e046888adb/messages HTTP/1.1" 304 - "http://localhost:3000/" "Mozilla/5.0 (Windows NT 6.3; WOW64) AppleWebKit/537.36 (KHTML, like Gecko) Chrome/57.0.2987.98 Safari/537.36"
::1 - - [12/Mar/2017:01:53:28 +0000] "GET /logout HTTP/1.1" 302 56 "http://localhost:3000/" "Mozilla/5.0 (Windows NT 6.3; WOW64) AppleWebKit/537.36 (KHTML, like Gecko) Chrome/57.0.2987.98 Safari/537.36"
::1 - - [12/Mar/2017:01:53:28 +0000] "GET /login HTTP/1.1" 302 46 "http://localhost:3000/" "Mozilla/5.0 (Windows NT 6.3; WOW64) AppleWebKit/537.36 (KHTML, like Gecko) Chrome/57.0.2987.98 Safari/537.36"
::1 - - [12/Mar/2017:01:53:28 +0000] "GET / HTTP/1.1" 200 112242 "http://localhost:3000/" "Mozilla/5.0 (Windows NT 6.3; WOW64) AppleWebKit/537.36 (KHTML, like Gecko) Chrome/57.0.2987.98 Safari/537.36"
::1 - - [12/Mar/2017:01:53:28 +0000] "GET /style.css HTTP/1.1" 304 - "http://localhost:3000/" "Mozilla/5.0 (Windows NT 6.3; WOW64) AppleWebKit/537.36 (KHTML, like Gecko) Chrome/57.0.2987.98 Safari/537.36"
::1 - - [12/Mar/2017:01:53:28 +0000] "GET /home.js HTTP/1.1" 304 - "http://localhost:3000/" "Mozilla/5.0 (Windows NT 6.3; WOW64) AppleWebKit/537.36 (KHTML, like Gecko) Chrome/57.0.2987.98 Safari/537.36"
::1 - - [12/Mar/2017:01:53:28 +0000] "GET /css/bootstrap.min.css HTTP/1.1" 304 - "http://localhost:3000/" "Mozilla/5.0 (Windows NT 6.3; WOW64) AppleWebKit/537.36 (KHTML, like Gecko) Chrome/57.0.2987.98 Safari/537.36"
::1 - - [12/Mar/2017:01:53:28 +0000] "GET /jquery.min.js HTTP/1.1" 304 - "http://localhost:3000/" "Mozilla/5.0 (Windows NT 6.3; WOW64) AppleWebKit/537.36 (KHTML, like Gecko) Chrome/57.0.2987.98 Safari/537.36"
::1 - - [12/Mar/2017:01:53:28 +0000] "GET /api/rooms HTTP/1.1" 304 - "http://localhost:3000/" "Mozilla/5.0 (Windows NT 6.3; WOW64) AppleWebKit/537.36 (KHTML, like Gecko) Chrome/57.0.2987.98 Safari/537.36"
::1 - - [12/Mar/2017:01:53:28 +0000] "GET /api/rooms/f2754172-1c58-41ed-ae84-74e046888adb/messages HTTP/1.1" 304 - "http://localhost:3000/" "Mozilla/5.0 (Windows NT 6.3; WOW64) AppleWebKit/537.36 (KHTML, like Gecko) Chrome/57.0.2987.98 Safari/537.36"
::1 - - [12/Mar/2017:01:53:29 +0000] "GET /logout HTTP/1.1" 302 56 "http://localhost:3000/" "Mozilla/5.0 (Windows NT 6.3; WOW64) AppleWebKit/537.36 (KHTML, like Gecko) Chrome/57.0.2987.98 Safari/537.36"
::1 - - [12/Mar/2017:01:53:29 +0000] "GET /login HTTP/1.1" 302 46 "http://localhost:3000/" "Mozilla/5.0 (Windows NT 6.3; WOW64) AppleWebKit/537.36 (KHTML, like Gecko) Chrome/57.0.2987.98 Safari/537.36"
::1 - - [12/Mar/2017:01:53:29 +0000] "GET / HTTP/1.1" 200 112242 "http://localhost:3000/" "Mozilla/5.0 (Windows NT 6.3; WOW64) AppleWebKit/537.36 (KHTML, like Gecko) Chrome/57.0.2987.98 Safari/537.36"
::1 - - [12/Mar/2017:01:53:29 +0000] "GET /css/bootstrap.min.css HTTP/1.1" 304 - "http://localhost:3000/" "Mozilla/5.0 (Windows NT 6.3; WOW64) AppleWebKit/537.36 (KHTML, like Gecko) Chrome/57.0.2987.98 Safari/537.36"
::1 - - [12/Mar/2017:01:53:29 +0000] "GET /style.css HTTP/1.1" 304 - "http://localhost:3000/" "Mozilla/5.0 (Windows NT 6.3; WOW64) AppleWebKit/537.36 (KHTML, like Gecko) Chrome/57.0.2987.98 Safari/537.36"
::1 - - [12/Mar/2017:01:53:29 +0000] "GET /jquery.min.js HTTP/1.1" 304 - "http://localhost:3000/" "Mozilla/5.0 (Windows NT 6.3; WOW64) AppleWebKit/537.36 (KHTML, like Gecko) Chrome/57.0.2987.98 Safari/537.36"
::1 - - [12/Mar/2017:01:53:29 +0000] "GET /home.js HTTP/1.1" 304 - "http://localhost:3000/" "Mozilla/5.0 (Windows NT 6.3; WOW64) AppleWebKit/537.36 (KHTML, like Gecko) Chrome/57.0.2987.98 Safari/537.36"
::1 - - [12/Mar/2017:01:53:29 +0000] "GET /api/rooms HTTP/1.1" 304 - "http://localhost:3000/" "Mozilla/5.0 (Windows NT 6.3; WOW64) AppleWebKit/537.36 (KHTML, like Gecko) Chrome/57.0.2987.98 Safari/537.36"
::1 - - [12/Mar/2017:01:53:29 +0000] "GET /api/rooms/f2754172-1c58-41ed-ae84-74e046888adb/messages HTTP/1.1" 304 - "http://localhost:3000/" "Mozilla/5.0 (Windows NT 6.3; WOW64) AppleWebKit/537.36 (KHTML, like Gecko) Chrome/57.0.2987.98 Safari/537.36"
::1 - - [12/Mar/2017:02:00:31 +0000] "GET / HTTP/1.1" 302 56 "-" "Mozilla/5.0 (Windows NT 6.3; WOW64) AppleWebKit/537.36 (KHTML, like Gecko) Chrome/57.0.2987.98 Safari/537.36"
::1 - - [12/Mar/2017:02:00:31 +0000] "GET /login HTTP/1.1" 302 46 "-" "Mozilla/5.0 (Windows NT 6.3; WOW64) AppleWebKit/537.36 (KHTML, like Gecko) Chrome/57.0.2987.98 Safari/537.36"
::1 - - [12/Mar/2017:02:00:32 +0000] "GET / HTTP/1.1" 200 111664 "-" "Mozilla/5.0 (Windows NT 6.3; WOW64) AppleWebKit/537.36 (KHTML, like Gecko) Chrome/57.0.2987.98 Safari/537.36"
::1 - - [12/Mar/2017:02:00:32 +0000] "GET /css/bootstrap.min.css HTTP/1.1" 304 - "http://localhost:3000/" "Mozilla/5.0 (Windows NT 6.3; WOW64) AppleWebKit/537.36 (KHTML, like Gecko) Chrome/57.0.2987.98 Safari/537.36"
::1 - - [12/Mar/2017:02:00:32 +0000] "GET /style.css HTTP/1.1" 304 - "http://localhost:3000/" "Mozilla/5.0 (Windows NT 6.3; WOW64) AppleWebKit/537.36 (KHTML, like Gecko) Chrome/57.0.2987.98 Safari/537.36"
::1 - - [12/Mar/2017:02:00:32 +0000] "GET /home.js HTTP/1.1" 304 - "http://localhost:3000/" "Mozilla/5.0 (Windows NT 6.3; WOW64) AppleWebKit/537.36 (KHTML, like Gecko) Chrome/57.0.2987.98 Safari/537.36"
::1 - - [12/Mar/2017:02:00:32 +0000] "GET /jquery.min.js HTTP/1.1" 304 - "http://localhost:3000/" "Mozilla/5.0 (Windows NT 6.3; WOW64) AppleWebKit/537.36 (KHTML, like Gecko) Chrome/57.0.2987.98 Safari/537.36"
::1 - - [12/Mar/2017:02:00:32 +0000] "GET /api/rooms HTTP/1.1" 304 - "http://localhost:3000/" "Mozilla/5.0 (Windows NT 6.3; WOW64) AppleWebKit/537.36 (KHTML, like Gecko) Chrome/57.0.2987.98 Safari/537.36"
::1 - - [12/Mar/2017:02:00:32 +0000] "GET /api/rooms/f2754172-1c58-41ed-ae84-74e046888adb/messages HTTP/1.1" 304 - "http://localhost:3000/" "Mozilla/5.0 (Windows NT 6.3; WOW64) AppleWebKit/537.36 (KHTML, like Gecko) Chrome/57.0.2987.98 Safari/537.36"
::1 - - [12/Mar/2017:02:00:34 +0000] "GET /logout HTTP/1.1" 302 56 "http://localhost:3000/" "Mozilla/5.0 (Windows NT 6.3; WOW64) AppleWebKit/537.36 (KHTML, like Gecko) Chrome/57.0.2987.98 Safari/537.36"
::1 - - [12/Mar/2017:02:00:34 +0000] "GET /login HTTP/1.1" 302 46 "http://localhost:3000/" "Mozilla/5.0 (Windows NT 6.3; WOW64) AppleWebKit/537.36 (KHTML, like Gecko) Chrome/57.0.2987.98 Safari/537.36"
::1 - - [12/Mar/2017:02:00:34 +0000] "GET / HTTP/1.1" 200 112242 "http://localhost:3000/" "Mozilla/5.0 (Windows NT 6.3; WOW64) AppleWebKit/537.36 (KHTML, like Gecko) Chrome/57.0.2987.98 Safari/537.36"
::1 - - [12/Mar/2017:02:00:34 +0000] "GET /style.css HTTP/1.1" 304 - "http://localhost:3000/" "Mozilla/5.0 (Windows NT 6.3; WOW64) AppleWebKit/537.36 (KHTML, like Gecko) Chrome/57.0.2987.98 Safari/537.36"
::1 - - [12/Mar/2017:02:00:34 +0000] "GET /css/bootstrap.min.css HTTP/1.1" 304 - "http://localhost:3000/" "Mozilla/5.0 (Windows NT 6.3; WOW64) AppleWebKit/537.36 (KHTML, like Gecko) Chrome/57.0.2987.98 Safari/537.36"
::1 - - [12/Mar/2017:02:00:34 +0000] "GET /jquery.min.js HTTP/1.1" 304 - "http://localhost:3000/" "Mozilla/5.0 (Windows NT 6.3; WOW64) AppleWebKit/537.36 (KHTML, like Gecko) Chrome/57.0.2987.98 Safari/537.36"
::1 - - [12/Mar/2017:02:00:34 +0000] "GET /home.js HTTP/1.1" 304 - "http://localhost:3000/" "Mozilla/5.0 (Windows NT 6.3; WOW64) AppleWebKit/537.36 (KHTML, like Gecko) Chrome/57.0.2987.98 Safari/537.36"
::1 - - [12/Mar/2017:02:00:34 +0000] "GET /api/rooms HTTP/1.1" 304 - "http://localhost:3000/" "Mozilla/5.0 (Windows NT 6.3; WOW64) AppleWebKit/537.36 (KHTML, like Gecko) Chrome/57.0.2987.98 Safari/537.36"
::1 - - [12/Mar/2017:02:00:34 +0000] "GET /api/rooms/f2754172-1c58-41ed-ae84-74e046888adb/messages HTTP/1.1" 304 - "http://localhost:3000/" "Mozilla/5.0 (Windows NT 6.3; WOW64) AppleWebKit/537.36 (KHTML, like Gecko) Chrome/57.0.2987.98 Safari/537.36"
::1 - - [12/Mar/2017:05:07:40 +0000] "GET / HTTP/1.1" 302 56 "http://localhost:3000/" "Mozilla/5.0 (Windows NT 6.3; WOW64) AppleWebKit/537.36 (KHTML, like Gecko) Chrome/57.0.2987.98 Safari/537.36"
::1 - - [12/Mar/2017:05:07:41 +0000] "GET /login HTTP/1.1" 200 109046 "http://localhost:3000/" "Mozilla/5.0 (Windows NT 6.3; WOW64) AppleWebKit/537.36 (KHTML, like Gecko) Chrome/57.0.2987.98 Safari/537.36"
::1 - - [12/Mar/2017:05:07:41 +0000] "GET /style.css HTTP/1.1" 304 - "http://localhost:3000/login" "Mozilla/5.0 (Windows NT 6.3; WOW64) AppleWebKit/537.36 (KHTML, like Gecko) Chrome/57.0.2987.98 Safari/537.36"
::1 - - [12/Mar/2017:05:07:41 +0000] "GET /css/bootstrap.min.css HTTP/1.1" 304 - "http://localhost:3000/login" "Mozilla/5.0 (Windows NT 6.3; WOW64) AppleWebKit/537.36 (KHTML, like Gecko) Chrome/57.0.2987.98 Safari/537.36"
::1 - - [12/Mar/2017:05:07:43 +0000] "POST /login HTTP/1.1" 302 46 "http://localhost:3000/login" "Mozilla/5.0 (Windows NT 6.3; WOW64) AppleWebKit/537.36 (KHTML, like Gecko) Chrome/57.0.2987.98 Safari/537.36"
::1 - - [12/Mar/2017:05:07:43 +0000] "GET / HTTP/1.1" 200 111845 "http://localhost:3000/login" "Mozilla/5.0 (Windows NT 6.3; WOW64) AppleWebKit/537.36 (KHTML, like Gecko) Chrome/57.0.2987.98 Safari/537.36"
::1 - - [12/Mar/2017:05:07:43 +0000] "GET /css/bootstrap.min.css HTTP/1.1" 304 - "http://localhost:3000/" "Mozilla/5.0 (Windows NT 6.3; WOW64) AppleWebKit/537.36 (KHTML, like Gecko) Chrome/57.0.2987.98 Safari/537.36"
::1 - - [12/Mar/2017:05:07:43 +0000] "GET /style.css HTTP/1.1" 304 - "http://localhost:3000/" "Mozilla/5.0 (Windows NT 6.3; WOW64) AppleWebKit/537.36 (KHTML, like Gecko) Chrome/57.0.2987.98 Safari/537.36"
::1 - - [12/Mar/2017:05:07:43 +0000] "GET /jquery.min.js HTTP/1.1" 304 - "http://localhost:3000/" "Mozilla/5.0 (Windows NT 6.3; WOW64) AppleWebKit/537.36 (KHTML, like Gecko) Chrome/57.0.2987.98 Safari/537.36"
::1 - - [12/Mar/2017:05:07:43 +0000] "GET /home.js HTTP/1.1" 304 - "http://localhost:3000/" "Mozilla/5.0 (Windows NT 6.3; WOW64) AppleWebKit/537.36 (KHTML, like Gecko) Chrome/57.0.2987.98 Safari/537.36"
::1 - - [12/Mar/2017:05:07:43 +0000] "GET /api/rooms HTTP/1.1" 304 - "http://localhost:3000/" "Mozilla/5.0 (Windows NT 6.3; WOW64) AppleWebKit/537.36 (KHTML, like Gecko) Chrome/57.0.2987.98 Safari/537.36"
::1 - - [12/Mar/2017:05:07:43 +0000] "GET /api/rooms/f2754172-1c58-41ed-ae84-74e046888adb/messages HTTP/1.1" 304 - "http://localhost:3000/" "Mozilla/5.0 (Windows NT 6.3; WOW64) AppleWebKit/537.36 (KHTML, like Gecko) Chrome/57.0.2987.98 Safari/537.36"
::1 - - [12/Mar/2017:05:07:49 +0000] "GET /logout HTTP/1.1" 302 56 "http://localhost:3000/" "Mozilla/5.0 (Windows NT 6.3; WOW64) AppleWebKit/537.36 (KHTML, like Gecko) Chrome/57.0.2987.98 Safari/537.36"
::1 - - [12/Mar/2017:05:07:49 +0000] "GET /login HTTP/1.1" 200 109569 "http://localhost:3000/" "Mozilla/5.0 (Windows NT 6.3; WOW64) AppleWebKit/537.36 (KHTML, like Gecko) Chrome/57.0.2987.98 Safari/537.36"
::1 - - [12/Mar/2017:05:07:49 +0000] "GET /style.css HTTP/1.1" 304 - "http://localhost:3000/login" "Mozilla/5.0 (Windows NT 6.3; WOW64) AppleWebKit/537.36 (KHTML, like Gecko) Chrome/57.0.2987.98 Safari/537.36"
::1 - - [12/Mar/2017:05:07:49 +0000] "GET /css/bootstrap.min.css HTTP/1.1" 304 - "http://localhost:3000/login" "Mozilla/5.0 (Windows NT 6.3; WOW64) AppleWebKit/537.36 (KHTML, like Gecko) Chrome/57.0.2987.98 Safari/537.36"
::1 - - [12/Mar/2017:05:07:53 +0000] "POST /login HTTP/1.1" 302 46 "http://localhost:3000/login" "Mozilla/5.0 (Windows NT 6.3; WOW64) AppleWebKit/537.36 (KHTML, like Gecko) Chrome/57.0.2987.98 Safari/537.36"
::1 - - [12/Mar/2017:05:07:53 +0000] "GET / HTTP/1.1" 200 112501 "http://localhost:3000/login" "Mozilla/5.0 (Windows NT 6.3; WOW64) AppleWebKit/537.36 (KHTML, like Gecko) Chrome/57.0.2987.98 Safari/537.36"
::1 - - [12/Mar/2017:05:07:53 +0000] "GET /css/bootstrap.min.css HTTP/1.1" 304 - "http://localhost:3000/" "Mozilla/5.0 (Windows NT 6.3; WOW64) AppleWebKit/537.36 (KHTML, like Gecko) Chrome/57.0.2987.98 Safari/537.36"
::1 - - [12/Mar/2017:05:07:53 +0000] "GET /style.css HTTP/1.1" 304 - "http://localhost:3000/" "Mozilla/5.0 (Windows NT 6.3; WOW64) AppleWebKit/537.36 (KHTML, like Gecko) Chrome/57.0.2987.98 Safari/537.36"
::1 - - [12/Mar/2017:05:07:53 +0000] "GET /home.js HTTP/1.1" 304 - "http://localhost:3000/" "Mozilla/5.0 (Windows NT 6.3; WOW64) AppleWebKit/537.36 (KHTML, like Gecko) Chrome/57.0.2987.98 Safari/537.36"
::1 - - [12/Mar/2017:05:07:53 +0000] "GET /jquery.min.js HTTP/1.1" 304 - "http://localhost:3000/" "Mozilla/5.0 (Windows NT 6.3; WOW64) AppleWebKit/537.36 (KHTML, like Gecko) Chrome/57.0.2987.98 Safari/537.36"
::1 - - [12/Mar/2017:05:07:53 +0000] "GET /api/rooms HTTP/1.1" 304 - "http://localhost:3000/" "Mozilla/5.0 (Windows NT 6.3; WOW64) AppleWebKit/537.36 (KHTML, like Gecko) Chrome/57.0.2987.98 Safari/537.36"
::1 - - [12/Mar/2017:05:07:53 +0000] "GET /api/rooms/f2754172-1c58-41ed-ae84-74e046888adb/messages HTTP/1.1" 304 - "http://localhost:3000/" "Mozilla/5.0 (Windows NT 6.3; WOW64) AppleWebKit/537.36 (KHTML, like Gecko) Chrome/57.0.2987.98 Safari/537.36"
::1 - - [12/Mar/2017:05:08:03 +0000] "GET / HTTP/1.1" 200 112242 "http://localhost:3000/" "Mozilla/5.0 (Windows NT 6.3; WOW64) AppleWebKit/537.36 (KHTML, like Gecko) Chrome/57.0.2987.98 Safari/537.36"
::1 - - [12/Mar/2017:05:08:03 +0000] "GET /style.css HTTP/1.1" 304 - "http://localhost:3000/" "Mozilla/5.0 (Windows NT 6.3; WOW64) AppleWebKit/537.36 (KHTML, like Gecko) Chrome/57.0.2987.98 Safari/537.36"
::1 - - [12/Mar/2017:05:08:03 +0000] "GET /css/bootstrap.min.css HTTP/1.1" 304 - "http://localhost:3000/" "Mozilla/5.0 (Windows NT 6.3; WOW64) AppleWebKit/537.36 (KHTML, like Gecko) Chrome/57.0.2987.98 Safari/537.36"
::1 - - [12/Mar/2017:05:08:03 +0000] "GET /jquery.min.js HTTP/1.1" 304 - "http://localhost:3000/" "Mozilla/5.0 (Windows NT 6.3; WOW64) AppleWebKit/537.36 (KHTML, like Gecko) Chrome/57.0.2987.98 Safari/537.36"
::1 - - [12/Mar/2017:05:08:03 +0000] "GET /home.js HTTP/1.1" 304 - "http://localhost:3000/" "Mozilla/5.0 (Windows NT 6.3; WOW64) AppleWebKit/537.36 (KHTML, like Gecko) Chrome/57.0.2987.98 Safari/537.36"
::1 - - [12/Mar/2017:05:08:03 +0000] "GET /api/rooms HTTP/1.1" 304 - "http://localhost:3000/" "Mozilla/5.0 (Windows NT 6.3; WOW64) AppleWebKit/537.36 (KHTML, like Gecko) Chrome/57.0.2987.98 Safari/537.36"
::1 - - [12/Mar/2017:05:08:03 +0000] "GET /api/rooms/f2754172-1c58-41ed-ae84-74e046888adb/messages HTTP/1.1" 304 - "http://localhost:3000/" "Mozilla/5.0 (Windows NT 6.3; WOW64) AppleWebKit/537.36 (KHTML, like Gecko) Chrome/57.0.2987.98 Safari/537.36"
::1 - - [12/Mar/2017:05:08:05 +0000] "GET /logout HTTP/1.1" 302 56 "http://localhost:3000/" "Mozilla/5.0 (Windows NT 6.3; WOW64) AppleWebKit/537.36 (KHTML, like Gecko) Chrome/57.0.2987.98 Safari/537.36"
::1 - - [12/Mar/2017:05:08:05 +0000] "GET /login HTTP/1.1" 200 109569 "http://localhost:3000/" "Mozilla/5.0 (Windows NT 6.3; WOW64) AppleWebKit/537.36 (KHTML, like Gecko) Chrome/57.0.2987.98 Safari/537.36"
::1 - - [12/Mar/2017:05:08:05 +0000] "GET /css/bootstrap.min.css HTTP/1.1" 304 - "http://localhost:3000/login" "Mozilla/5.0 (Windows NT 6.3; WOW64) AppleWebKit/537.36 (KHTML, like Gecko) Chrome/57.0.2987.98 Safari/537.36"
::1 - - [12/Mar/2017:05:08:05 +0000] "GET /style.css HTTP/1.1" 304 - "http://localhost:3000/login" "Mozilla/5.0 (Windows NT 6.3; WOW64) AppleWebKit/537.36 (KHTML, like Gecko) Chrome/57.0.2987.98 Safari/537.36"
